0001   0000             ;
0002   0000             ; To assembly this, either use the zxasm.bat file:
0003   0000             ;
0004   0000             ; zxasm hires
0005   0000             ;
0006   0000             ; or... assemble with the following options:
0007   0000             ;
0008   0000             ; tasm -80 -b -s hires.asm hires.p
0009   0000             ;
0010   0000             ;==============================================
0011   0000             ; ZX81 assembler 'Hires' test
0012   0000             ;==============================================
0013   0000             ;
0014   0000             
0015   0000             ;defs
0016   0000             #include "zx81defs.asm"
0001+  0000             ;defines to make us feel more at home
0002+  0000             #define         DEFB .BYTE
0003+  0000             #define         DEFW .WORD
0004+  0000             #define         DEFM .TEXT
0005+  0000             #define         ORG  .ORG
0006+  0000             #define         EQU  .EQU
0017   0000             ;EQUs for ROM routines
0018   0000             #include "zx81rom.asm"
0001+  0000             ;ZX81 ROM routines
0002+  0000             PRINT			EQU $10
0003+  0000             PRINTAT			EQU $08F5
0004+  0000             DISPROUT		EQU $0281
0005+  0000             DISPLAY_3		EQU $0292 ;restore registers after a 'slow' display
0006+  0000             DISPLAY_5		EQU $02B5
0007+  0000             PLOT			EQU $0BB2 	; note ROM plot is 0baf - however first thing it does try to pull BC from the calculator stack
0008+  0000             							; so we'll skip past that and set BC ourselves
0009+  0000             CLS				EQU $0A2A
0010+  0000             KSCAN           EQU $02BB 
0011+  0000             FINDCHR         EQU $07BD
0012+  0000             COPY            EQU $0869
0013+  0000             FAST            EQU $0F23
0014+  0000             SLOW            EQU $0F2B
0015+  0000             SLOWORFAST		EQU $0207
0016+  0000             ;sys vars
0017+  0000             ERR_NR			EQU $40000019   0000             ;ZX81 char codes/how to survive without ASCII
0020   0000             #include "charcodes.asm"
0001+  0000             ; ZX81 Characters.
0002+  0000             __:				EQU	$00	;spacja
0003+  0000             _QT:			EQU	$0B	;"
0004+  0000             _PD:			EQU	$0C	;funt
0005+  0000             _SD:			EQU	$0D	;$
0006+  0000             _CL:			EQU	$0E	;:
0007+  0000             _QM:			EQU	$0F	;?
0008+  0000             _OP:			EQU	$10	;(
0009+  0000             _CP:			EQU	$11	;)
0010+  0000             _GT:			EQU	$12	;>
0011+  0000             _LT:			EQU	$13	;<
0012+  0000             _EQ:			EQU	$14	;=
0013+  0000             _PL:			EQU	$15	;+
0014+  0000             _MI:			EQU	$16	;-
0015+  0000             _AS:			EQU	$17	;*
0016+  0000             _SL:			EQU	$18	;/
0017+  0000             _SC:			EQU	$19	;;
0018+  0000             _CM:			EQU	$1A	;,
0019+  0000             _DT:			EQU	$1B	;.
0020+  0000             _NL:			EQU	$76	;NEWLINE
0021+  0000             
0022+  0000             _0				EQU $1C
0023+  0000             _1				EQU $1D
0024+  0000             _2				EQU $1E
0025+  0000             _3				EQU $1F
0026+  0000             _4				EQU $20
0027+  0000             _5				EQU $21
0028+  0000             _6				EQU $22
0029+  0000             _7				EQU $23
0030+  0000             _8				EQU $24
0031+  0000             _9				EQU $25
0032+  0000             _A				EQU $26
0033+  0000             _B				EQU $27
0034+  0000             _C				EQU $28
0035+  0000             _D				EQU $29
0036+  0000             _E				EQU $2A
0037+  0000             _F				EQU $2B
0038+  0000             _G				EQU $2C
0039+  0000             _H				EQU $2D
0040+  0000             _I				EQU $2E
0041+  0000             _J				EQU $2F
0042+  0000             _K				EQU $30
0043+  0000             _L				EQU $31
0044+  0000             _M				EQU $32
0045+  0000             _N				EQU $33
0046+  0000             _O				EQU $34
0047+  0000             _P				EQU $35
0048+  0000             _Q				EQU $36
0049+  0000             _R				EQU $37
0050+  0000             _S				EQU $38
0051+  0000             _T				EQU $39
0052+  0000             _U				EQU $3A
0053+  0000             _V				EQU $3B
0054+  0000             _W				EQU $3C
0055+  0000             _X				EQU $3D
0056+  0000             _Y				EQU $3E
0057+  0000             _Z				EQU $3F
0021   0000             ;system variables
0022   0000             #include "zx81sys.asm"
0001+  0000             ;system variables
0002+  0000             ;Origin of a ZX81 file is always 16393
0003+  0000             
0004+  4009                             ORG 16393
0005+  4009                             
0006+  4009             ; System variables live here
0007+  4009 00          VERSN:          DEFB 0
0008+  400A 02 00       E_PPC:          DEFW 2
0009+  400C A8 41       D_FILE:         DEFW Display
0010+  400E A9 41       DF_CC:          DEFW Display+1                  ; First character of display
0011+  4010 81 5D       VARS:           DEFW Variables
0012+  4012 00 00       DEST:           DEFW 0
0013+  4014 82 5D       E_LINE:         DEFW BasicEnd 
0014+  4016 86 5D       CH_ADD:         DEFW BasicEnd+4                 ; Simulate SAVE "X"
0015+  4018 00 00       X_PTR:          DEFW 0
0016+  401A 87 5D       STKBOT:         DEFW BasicEnd+5
0017+  401C 87 5D       STKEND:         DEFW BasicEnd+5                 ; Empty stack
0018+  401E 00          BREG:           DEFB 0
0019+  401F 5D 40       MEM:            DEFW MEMBOT
0020+  4021 00          UNUSED1:        DEFB 0
0021+  4022 02          DF_SZ:          DEFB 2
0022+  4023 02 00       S_TOP:          DEFW $0002                      ; Top program line number
0023+  4025 BF FD       LAST_K:         DEFW $fdbf
0024+  4027 0F          DEBOUN:         DEFB 15
0025+  4028 37          MARGIN:         DEFB 55
0026+  4029 96 41       NXTLIN:         DEFW Line2                      ; Next line address
0027+  402B 00 00       OLDPPC:         DEFW 0
0028+  402D 00          FLAGX:          DEFB 0
0029+  402E 00 00       STRLEN:         DEFW 0
0030+  4030 8D 0C       T_ADDR:         DEFW $0c8d
0031+  4032 00 00       SEED:           DEFW 0
0032+  4034 A3 F5       FRAMES:         DEFW $f5a3
0033+  4036 00 00       COORDS:         DEFW 0
0034+  4038 BC          PR_CC:          DEFB $bc
0035+  4039 21 18       S_POSN:         DEFW $1821
0036+  403B 40          CDFLAG:         DEFB $40
0037+  403C 00 00 00 00 PRBUFF:         DEFB 0,0,0,0,0,0,0,0,0,0,0,0,0,0,0,0,0,0,0,0,0,0,0,0,0,0,0,0,0,0,0,0,$76 ; 32 Spaces + Newline
0037+  4040 00 00 00 00 
0037+  4044 00 00 00 00 
0037+  4048 00 00 00 00 
0037+  404C 00 00 00 00 
0037+  4050 00 00 00 00 
0037+  4054 00 00 00 00 
0037+  4058 00 00 00 00 
0037+  405C 76 
0038+  405D 00 00 00 00 MEMBOT:         DEFB 0,0,0,0,0,0,0,0,0,0,$84,$20,0,0,0,0,0,0,0,0,0,0,0,0,0,0,0,0,0,0 ; 30 zeros
0038+  4061 00 00 00 00 
0038+  4065 00 00 84 20 
0038+  4069 00 00 00 00 
0038+  406D 00 00 00 00 
0038+  4071 00 00 00 00 
0038+  4075 00 00 00 00 
0038+  4079 00 00 
0039+  407B 00 00       UNUNSED2:       DEFW 0
0040+  407D             
0041+  407D             ; End of system variables
0042+  407D             
0023   407D             
0024   407D             ;the standard REM statement that will contain our 'hex' code
0025   407D             #include "line1.asm"
0001+  407D             ;Line 1
0002+  407D             ;this is the REM statement...
0003+  407D 00 00       Line1:          DEFB $00,$00                    ; Line 1
0004+  407F 15 01                       DEFW Line1End-Line1Text         ; Line 1 length
0005+  4081 EA          Line1Text:      DEFB $ea                        ; REM             
0006+  4082             
0026   4082             
0027   4082             
0028   4082             ;------------------------------------------------------------
0029   4082             ; code starts, gets added to the end of the rem
0030   4082             ;------------------------------------------------------------
0031   4082             
0032   4082             ;exciting EQUS for this app
0033   4082             #include "equs.asm"
0001+  4082             ;exciting EQUS for this app
0002+  4082             DISPLEN			EQU 33
0003+  4082             VSYNCLP			EQU 16
0004+  4082             HIRES_IDX		EQU	18
0034   4082             
0035   4082             ;set everything up
0036   4082 CD 3F 41    	call initvars
0037   4085 CD 40 41    	call instruct
0038   4088 CD AE 40    	call hires
0039   408B             mainlp	
0040   408B             	
0041   408B             ;wait for a vsync...
0042   408B 06 10       	ld b,VSYNCLP
0043   408D             pauselp	
0044   408D CD 34 41    	call vsync
0045   4090 10 FB       	djnz pauselp
0046   4092             	
0047   4092 CD 52 41    	call waitkpress
0048   4095             	
0049   4095 CD C2 40    	call lores
0050   4098             ;see if we've finished
0051   4098 3A 6F 41    	ld a,(alldone)
0052   409B FE FE       	cp $fe
0053   409D C2 A8 40    	jp nz,done1
0054   40A0 3E FF       	ld a,$ff
0055   40A2 32 6F 41    	ld (alldone),a
0056   40A5 C3 8B 40    	jp mainlp
0057   40A8             done1	
0058   40A8 FE FF       	cp $ff
0059   40AA C2 8B 40    	jp nz,mainlp
0060   40AD C9          	ret
0061   40AE             	
0062   40AE             	
0063   40AE             
0064   40AE             ;subroutines
0065   40AE             
0066   40AE             ;switch to high res
0067   40AE             hires	
0068   40AE             ;wait for an interrupt
0069   40AE 76          	halt 	
0070   40AF             ;wait for a vsync
0071   40AF 3A 34 40    	ld a,(FRAMES)
0072   40B2 4F          	ld c,a
0073   40B3             sync1	
0074   40B3 3A 34 40    	ld a,(FRAMES)		
0075   40B6 B9          	cp c
0076   40B7 28 FA       	jr z,sync1
0077   40B9             ;replace the render routine		
0078   40B9             ;set the index to somewhere useful in the ROM
0079   40B9 3E 12       	ld a,$12
0080   40BB ED 47       	ld i,a
0081   40BD DD 21 D6 40 	ld ix,hresgen
0082   40C1 C9          	ret
0083   40C2             		
0084   40C2             ;switch back to low res
0085   40C2             lores	
0086   40C2             ;wait for an interrupt
0087   40C2 76          	halt 
0088   40C3             ;wait for a vsync
0089   40C3 3A 34 40    	ld a,(FRAMES)
0090   40C6 4F          	ld c,a
0091   40C7             sync2	
0092   40C7 3A 34 40    	ld a,(FRAMES)
0093   40CA B9          	cp c
0094   40CB 28 FA       	jr z,sync2
0095   40CD             ;reset the I register to the ROM default		
0096   40CD 3E 1E       	ld a,$1e
0097   40CF ED 47       	ld i,a
0098   40D1             ;put back the normal display routine		
0099   40D1 DD 21 81 02 	ld ix,DISPROUT
0100   40D5 C9          	ret
0101   40D6             
0102   40D6             ;actual high res routine
0103   40D6             hresgen	
0104   40D6             ;slightly odd address - but it's basically 'back one line' from the start of the screen memory
0105   40D6             ;with bit 15 of the address set
0106   40D6 21 A0 C4    	ld hl,(HDISPLAY - $21) + $8000		
0107   40D9             ;set the line width
0108   40D9 11 21 00    	ld de,$21
0109   40DC             ;disable interrupts
0110   40DC F3          	di
0111   40DD             ;the ULA port address		
0112   40DD 0E FE       	ld c,$fe
0113   40DF             ;delay to sync with tv
0114   40DF 3E 12       	ld a,HIRES_IDX
0115   40E1 ED 47       	ld i,a
0116   40E3 06 05       	ld b,5	
0117   40E5             sync3	
0118   40E5 10 FE       	djnz sync3
0119   40E7             ;the number of lines - 192
0120   40E7 06 C0       	ld b,$c0
0121   40E9             ;keep the ULA thinking it's on the first line of a character		
0122   40E9             genline	
0123   40E9 ED 78       	in a,(c)
0124   40EB D3 FF       	out ($ff),a
0125   40ED 19          	add hl,de
0126   40EE CD 02 41    	call ulaout
0127   40F1 05          	dec b
0128   40F2 C2 E9 40    	jp nz,genline
0129   40F5             ;sneakily jump into a couple of  ROM routines
0130   40F5 CD 92 02    	call DISPLAY_3
0131   40F8 CD 20 02    	call SLOWORFAST + $19
0132   40FB DD 21 D6 40 	ld ix,hresgen
0133   40FF             ;jump back into the ROM
0134   40FF C3 A4 02    	jp (DISPLAY_3 + $12)
0135   4102             ;jump directly into the display file - it will hit a ret...		
0136   4102             ulaout	
0137   4102 E9          	jp (hl)	
0138   4103             	
0139   4103             
0140   4103             
0141   4103             ;that was all pretty exciting
0142   4103             ;but here's so far less exciting routines...
0143   4103             
0144   4103             ;print things on screen
0145   4103             dispstring
0146   4103             ;write directly to the screen
0147   4103 2A 0C 40    	ld hl,(D_FILE)
0148   4106 09          	add hl,bc	
0149   4107             loop2
0150   4107 1A          	ld a,(de)
0151   4108 FE FF       	cp $ff
0152   410A CA 13 41    	jp z,loop2End
0153   410D 77          	ld (hl),a
0154   410E 23          	inc hl
0155   410F 13          	inc de
0156   4110 C3 07 41    	jp loop2
0157   4113             loop2End	
0158   4113 C9          	ret
0159   4114             
0160   4114             
0161   4114             clearstring
0162   4114 2A 0C 40    	ld hl,(D_FILE)
0163   4117 09          	add hl,bc	
0164   4118             cloop2
0165   4118 1A          	ld a,(de)
0166   4119 FE FF       	cp $ff
0167   411B CA 25 41    	jp z,cloop2End
0168   411E 36 00       	ld (hl),__
0169   4120 23          	inc hl
0170   4121 13          	inc de
0171   4122 C3 18 41    	jp cloop2
0172   4125             cloop2End	
0173   4125 C9          	ret
0174   4126             	
0175   4126             	
0176   4126             ;read keys
0177   4126             readkeys
0178   4126             ;a bit lazy - call the ROM routine to get the zone values into HL
0179   4126 CD BB 02    	call KSCAN
0180   4129             ;lazy test for zones...	
0181   4129             ;bit 3 will give us left half of the keys on the top row of the keyboard
0182   4129 CB 5D       	bit 3,l	
0183   412B 20 01       	jr nz,nokey1
0184   412D C9          	ret
0185   412E             	
0186   412E             nokey1
0187   412E             ;bit 4 will give us right half of the keys on the top row of the keyboard
0188   412E CB 65       	bit 4,l
0189   4130 20 01       	jr nz,pastnokey1
0190   4132 C9          	ret
0191   4133             	
0192   4133             pastnokey1		
0193   4133 C9          	ret
0194   4134             	
0195   4134             	
0196   4134             ;check for video sync
0197   4134             vsync	
0198   4134 3A 34 40    	ld a,(FRAMES)
0199   4137 4F          	ld c,a
0200   4138             sync
0201   4138 3A 34 40    	ld a,(FRAMES)
0202   413B B9          	cp c
0203   413C 28 FA       	jr z,sync
0204   413E C9          	ret
0205   413F             	
0206   413F             
0207   413F             initvars
0208   413F             ;setup init pos
0209   413F C9          	ret
0210   4140             ;show some rubbish instructions	
0211   4140             instruct
0212   4140 01 F1 00    	ld bc,(DISPLEN*7)+10
0213   4143 11 70 41    	ld de,instruct1
0214   4146 CD 03 41    	call dispstring
0215   4149 01 50 01    	ld bc,(DISPLEN*10)+6
0216   414C 11 7E 41    	ld de,instruct2
0217   414F CD 03 41    	call dispstring
0218   4152             	
0219   4152             waitkpress
0220   4152 CD BB 02    	call KSCAN
0221   4155 7D          	ld a,l
0222   4156 FE FF       	cp $ff
0223   4158 CA 52 41    	jp z,waitkpress
0224   415B             
0225   415B 01 F1 00    	ld bc,(DISPLEN*7)+10
0226   415E 11 70 41    	ld de,instruct1
0227   4161 CD 14 41    	call clearstring
0228   4164 01 50 01    	ld bc,(DISPLEN*10)+6
0229   4167 11 7E 41    	ld de,instruct2
0230   416A CD 14 41    	call clearstring
0231   416D             
0232   416D C9          	ret
0233   416E             
0234   416E             ;vars for this app
0235   416E             #include "vars.asm"
0001+  416E             ;variables
0002+  416E 00          skip	DEFB	$0
0003+  416F FE          alldone	DEFB	$fe
0004+  4170             
0005+  4170             
0006+  4170             instruct1
0007+  4170 2D 2E 2C 2D 		DEFB	_H,_I,_G,_H,_MI,_R,_E,_S,__,_T,_E,_S,_T,$ff
0007+  4174 16 37 2A 38 
0007+  4178 00 39 2A 38 
0007+  417C 39 FF 
0008+  417E             instruct2
0009+  417E 35 37 2A 38 		DEFB	_P,_R,_E,_S,_S,__,_A,_N,_Y,__,_K,_E,_Y,__,_T,_O,__,_S,_T,_A,_R,_T,$ff
0009+  4182 38 00 26 33 
0009+  4186 3E 00 30 2A 
0009+  418A 3E 00 39 34 
0009+  418E 00 38 39 26 
0009+  4192 37 39 FF 
0010+  4195             
0236   4195             	
0237   4195             		
0238   4195             ; ===========================================================
0239   4195             ; code ends
0240   4195             ; ===========================================================
0241   4195             ;end the REM line and put in the RAND USR line to call our 'hex code'
0242   4195             #include "line2.asm"
0001+  4195             ;this is the end of line 1 - the REM			
0002+  4195 76          				DEFB $76                        ; Newline				
0003+  4196             ;followed by the the RAND USR line				
0004+  4196             Line1End       
0005+  4196 00 0A       Line2			DEFB $00,$0a
0006+  4198 0E 00                       DEFW Line2End-Line2Text
0007+  419A F9 D4       Line2Text     	DEFB $F9,$D4                    ; RAND USR
0008+  419C 1D 22 21 1D 				DEFB $1D,$22,$21,$1D,$20        ; 16514                
0008+  41A0 20 
0009+  41A1 7E                          DEFB $7E                        ; Number
0010+  41A2 8F 01 04 00                 DEFB $8F,$01,$04,$00,$00        ; Numeric encoding
0010+  41A6 00 
0011+  41A7 76                          DEFB $76                        ; Newline
0012+  41A8             Line2End 
0243   41A8             
0244   41A8                             
0245   41A8             ;display file defintion - lores and hires
0246   41A8             #include "screen.asm"               
0001+  41A8             ; Display file (ZX81 screen) - low res screen
0002+  41A8 76          Display:        DEFB $76     
0003+  41A9 00 00 00 00                 DEFB $00,$00,$00,$00,$00,$00,$00,$00,$00,$00,$00,$00,$00,$00,$00,$00,$00,$00,$00,$00,$00,$00,$00,$00,$00,$00,$00,$00,$00,$00,$00,$00,$76 ; Line 0
0003+  41AD 00 00 00 00 
0003+  41B1 00 00 00 00 
0003+  41B5 00 00 00 00 
0003+  41B9 00 00 00 00 
0003+  41BD 00 00 00 00 
0003+  41C1 00 00 00 00 
0003+  41C5 00 00 00 00 
0003+  41C9 76 
0004+  41CA 00 00 00 00                 DEFB $00,$00,$00,$00,$00,$00,$00,$00,$00,$00,$00,$00,$00,$00,$00,$00,$00,$00,$00,$00,$00,$00,$00,$00,$00,$00,$00,$00,$00,$00,$00,$00,$76 ; Line 1
0004+  41CE 00 00 00 00 
0004+  41D2 00 00 00 00 
0004+  41D6 00 00 00 00 
0004+  41DA 00 00 00 00 
0004+  41DE 00 00 00 00 
0004+  41E2 00 00 00 00 
0004+  41E6 00 00 00 00 
0004+  41EA 76 
0005+  41EB 00 00 00 00                 DEFB $00,$00,$00,$00,$00,$00,$00,$00,$00,$00,$00,$00,$00,$00,$00,$00,$00,$00,$00,$00,$00,$00,$00,$00,$00,$00,$00,$00,$00,$00,$00,$00,$76 ; Line 2
0005+  41EF 00 00 00 00 
0005+  41F3 00 00 00 00 
0005+  41F7 00 00 00 00 
0005+  41FB 00 00 00 00 
0005+  41FF 00 00 00 00 
0005+  4203 00 00 00 00 
0005+  4207 00 00 00 00 
0005+  420B 76 
0006+  420C 00 00 00 00                 DEFB $00,$00,$00,$00,$00,$00,$00,$00,$00,$00,$00,$00,$00,$00,$00,$00,$00,$00,$00,$00,$00,$00,$00,$00,$00,$00,$00,$00,$00,$00,$00,$00,$76 ; Line 3
0006+  4210 00 00 00 00 
0006+  4214 00 00 00 00 
0006+  4218 00 00 00 00 
0006+  421C 00 00 00 00 
0006+  4220 00 00 00 00 
0006+  4224 00 00 00 00 
0006+  4228 00 00 00 00 
0006+  422C 76 
0007+  422D 00 00 00 00                 DEFB $00,$00,$00,$00,$00,$00,$00,$00,$00,$00,$00,$00,$00,$00,$00,$00,$00,$00,$00,$00,$00,$00,$00,$00,$00,$00,$00,$00,$00,$00,$00,$00,$76 ; Line 4
0007+  4231 00 00 00 00 
0007+  4235 00 00 00 00 
0007+  4239 00 00 00 00 
0007+  423D 00 00 00 00 
0007+  4241 00 00 00 00 
0007+  4245 00 00 00 00 
0007+  4249 00 00 00 00 
0007+  424D 76 
0008+  424E 00 00 00 00                 DEFB $00,$00,$00,$00,$00,$00,$00,$00,$00,$00,$00,$00,$00,$00,$00,$00,$00,$00,$00,$00,$00,$00,$00,$00,$00,$00,$00,$00,$00,$00,$00,$00,$76 ; Line 5
0008+  4252 00 00 00 00 
0008+  4256 00 00 00 00 
0008+  425A 00 00 00 00 
0008+  425E 00 00 00 00 
0008+  4262 00 00 00 00 
0008+  4266 00 00 00 00 
0008+  426A 00 00 00 00 
0008+  426E 76 
0009+  426F 00 00 00 00                 DEFB $00,$00,$00,$00,$00,$00,$00,$00,$00,$00,$00,$00,$00,$00,$00,$00,$00,$00,$00,$00,$00,$00,$00,$00,$00,$00,$00,$00,$00,$00,$00,$00,$76 ; Line 6
0009+  4273 00 00 00 00 
0009+  4277 00 00 00 00 
0009+  427B 00 00 00 00 
0009+  427F 00 00 00 00 
0009+  4283 00 00 00 00 
0009+  4287 00 00 00 00 
0009+  428B 00 00 00 00 
0009+  428F 76 
0010+  4290 00 00 00 00                 DEFB $00,$00,$00,$00,$00,$00,$00,$00,$00,$00,$00,$00,$00,$00,$00,$00,$00,$00,$00,$00,$00,$00,$00,$00,$00,$00,$00,$00,$00,$00,$00,$00,$76 ; Line 7
0010+  4294 00 00 00 00 
0010+  4298 00 00 00 00 
0010+  429C 00 00 00 00 
0010+  42A0 00 00 00 00 
0010+  42A4 00 00 00 00 
0010+  42A8 00 00 00 00 
0010+  42AC 00 00 00 00 
0010+  42B0 76 
0011+  42B1 00 00 00 00                 DEFB $00,$00,$00,$00,$00,$00,$00,$00,$00,$00,$00,$00,$00,$00,$00,$00,$00,$00,$00,$00,$00,$00,$00,$00,$00,$00,$00,$00,$00,$00,$00,$00,$76 ; Line 8
0011+  42B5 00 00 00 00 
0011+  42B9 00 00 00 00 
0011+  42BD 00 00 00 00 
0011+  42C1 00 00 00 00 
0011+  42C5 00 00 00 00 
0011+  42C9 00 00 00 00 
0011+  42CD 00 00 00 00 
0011+  42D1 76 
0012+  42D2 00 00 00 00                 DEFB $00,$00,$00,$00,$00,$00,$00,$00,$00,$00,$00,$00,$00,$00,$00,$00,$00,$00,$00,$00,$00,$00,$00,$00,$00,$00,$00,$00,$00,$00,$00,$00,$76 ; Line 9
0012+  42D6 00 00 00 00 
0012+  42DA 00 00 00 00 
0012+  42DE 00 00 00 00 
0012+  42E2 00 00 00 00 
0012+  42E6 00 00 00 00 
0012+  42EA 00 00 00 00 
0012+  42EE 00 00 00 00 
0012+  42F2 76 
0013+  42F3 00 00 00 00                 DEFB $00,$00,$00,$00,$00,$00,$00,$00,$00,$00,$00,$00,$00,$00,$00,$00,$00,$00,$00,$00,$00,$00,$00,$00,$00,$00,$00,$00,$00,$00,$00,$00,$76 ; Line 10
0013+  42F7 00 00 00 00 
0013+  42FB 00 00 00 00 
0013+  42FF 00 00 00 00 
0013+  4303 00 00 00 00 
0013+  4307 00 00 00 00 
0013+  430B 00 00 00 00 
0013+  430F 00 00 00 00 
0013+  4313 76 
0014+  4314 00 00 00 00                 DEFB $00,$00,$00,$00,$00,$00,$00,$00,$00,$00,$00,$00,$00,$00,$00,$00,$00,$00,$00,$00,$00,$00,$00,$00,$00,$00,$00,$00,$00,$00,$00,$00,$76 ; Line 11
0014+  4318 00 00 00 00 
0014+  431C 00 00 00 00 
0014+  4320 00 00 00 00 
0014+  4324 00 00 00 00 
0014+  4328 00 00 00 00 
0014+  432C 00 00 00 00 
0014+  4330 00 00 00 00 
0014+  4334 76 
0015+  4335 00 00 00 00                 DEFB $00,$00,$00,$00,$00,$00,$00,$00,$00,$00,$00,$00,$00,$00,$00,$00,$00,$00,$00,$00,$00,$00,$00,$00,$00,$00,$00,$00,$00,$00,$00,$00,$76 ; Line 12
0015+  4339 00 00 00 00 
0015+  433D 00 00 00 00 
0015+  4341 00 00 00 00 
0015+  4345 00 00 00 00 
0015+  4349 00 00 00 00 
0015+  434D 00 00 00 00 
0015+  4351 00 00 00 00 
0015+  4355 76 
0016+  4356 00 00 00 00                 DEFB $00,$00,$00,$00,$00,$00,$00,$00,$00,$00,$00,$00,$00,$00,$00,$00,$00,$00,$00,$00,$00,$00,$00,$00,$00,$00,$00,$00,$00,$00,$00,$00,$76 ; Line 13
0016+  435A 00 00 00 00 
0016+  435E 00 00 00 00 
0016+  4362 00 00 00 00 
0016+  4366 00 00 00 00 
0016+  436A 00 00 00 00 
0016+  436E 00 00 00 00 
0016+  4372 00 00 00 00 
0016+  4376 76 
0017+  4377 00 00 00 00                 DEFB $00,$00,$00,$00,$00,$00,$00,$00,$00,$00,$00,$00,$00,$00,$00,$00,$00,$00,$00,$00,$00,$00,$00,$00,$00,$00,$00,$00,$00,$00,$00,$00,$76 ; Line 14
0017+  437B 00 00 00 00 
0017+  437F 00 00 00 00 
0017+  4383 00 00 00 00 
0017+  4387 00 00 00 00 
0017+  438B 00 00 00 00 
0017+  438F 00 00 00 00 
0017+  4393 00 00 00 00 
0017+  4397 76 
0018+  4398 00 00 00 00                 DEFB $00,$00,$00,$00,$00,$00,$00,$00,$00,$00,$00,$00,$00,$00,$00,$00,$00,$00,$00,$00,$00,$00,$00,$00,$00,$00,$00,$00,$00,$00,$00,$00,$76 ; Line 15
0018+  439C 00 00 00 00 
0018+  43A0 00 00 00 00 
0018+  43A4 00 00 00 00 
0018+  43A8 00 00 00 00 
0018+  43AC 00 00 00 00 
0018+  43B0 00 00 00 00 
0018+  43B4 00 00 00 00 
0018+  43B8 76 
0019+  43B9 00 00 00 00                 DEFB $00,$00,$00,$00,$00,$00,$00,$00,$00,$00,$00,$00,$00,$00,$00,$00,$00,$00,$00,$00,$00,$00,$00,$00,$00,$00,$00,$00,$00,$00,$00,$00,$76 ; Line 16
0019+  43BD 00 00 00 00 
0019+  43C1 00 00 00 00 
0019+  43C5 00 00 00 00 
0019+  43C9 00 00 00 00 
0019+  43CD 00 00 00 00 
0019+  43D1 00 00 00 00 
0019+  43D5 00 00 00 00 
0019+  43D9 76 
0020+  43DA 00 00 00 00                 DEFB $00,$00,$00,$00,$00,$00,$00,$00,$00,$00,$00,$00,$00,$00,$00,$00,$00,$00,$00,$00,$00,$00,$00,$00,$00,$00,$00,$00,$00,$00,$00,$00,$76 ; Line 17
0020+  43DE 00 00 00 00 
0020+  43E2 00 00 00 00 
0020+  43E6 00 00 00 00 
0020+  43EA 00 00 00 00 
0020+  43EE 00 00 00 00 
0020+  43F2 00 00 00 00 
0020+  43F6 00 00 00 00 
0020+  43FA 76 
0021+  43FB 00 00 00 00                 DEFB $00,$00,$00,$00,$00,$00,$00,$00,$00,$00,$00,$00,$00,$00,$00,$00,$00,$00,$00,$00,$00,$00,$00,$00,$00,$00,$00,$00,$00,$00,$00,$00,$76 ; Line 18
0021+  43FF 00 00 00 00 
0021+  4403 00 00 00 00 
0021+  4407 00 00 00 00 
0021+  440B 00 00 00 00 
0021+  440F 00 00 00 00 
0021+  4413 00 00 00 00 
0021+  4417 00 00 00 00 
0021+  441B 76 
0022+  441C 00 00 00 00                 DEFB $00,$00,$00,$00,$00,$00,$00,$00,$00,$00,$00,$00,$00,$00,$00,$00,$00,$00,$00,$00,$00,$00,$00,$00,$00,$00,$00,$00,$00,$00,$00,$00,$76 ; Line 19
0022+  4420 00 00 00 00 
0022+  4424 00 00 00 00 
0022+  4428 00 00 00 00 
0022+  442C 00 00 00 00 
0022+  4430 00 00 00 00 
0022+  4434 00 00 00 00 
0022+  4438 00 00 00 00 
0022+  443C 76 
0023+  443D 00 00 00 00                 DEFB $00,$00,$00,$00,$00,$00,$00,$00,$00,$00,$00,$00,$00,$00,$00,$00,$00,$00,$00,$00,$00,$00,$00,$00,$00,$00,$00,$00,$00,$00,$00,$00,$76 ; Line 20
0023+  4441 00 00 00 00 
0023+  4445 00 00 00 00 
0023+  4449 00 00 00 00 
0023+  444D 00 00 00 00 
0023+  4451 00 00 00 00 
0023+  4455 00 00 00 00 
0023+  4459 00 00 00 00 
0023+  445D 76 
0024+  445E 00 00 00 00                 DEFB $00,$00,$00,$00,$00,$00,$00,$00,$00,$00,$00,$00,$00,$00,$00,$00,$00,$00,$00,$00,$00,$00,$00,$00,$00,$00,$00,$00,$00,$00,$00,$00,$76 ; Line 21
0024+  4462 00 00 00 00 
0024+  4466 00 00 00 00 
0024+  446A 00 00 00 00 
0024+  446E 00 00 00 00 
0024+  4472 00 00 00 00 
0024+  4476 00 00 00 00 
0024+  447A 00 00 00 00 
0024+  447E 76 
0025+  447F 00 00 00 00                 DEFB $00,$00,$00,$00,$00,$00,$00,$00,$00,$00,$00,$00,$00,$00,$00,$00,$00,$00,$00,$00,$00,$00,$00,$00,$00,$00,$00,$00,$00,$00,$00,$00,$76 ; Line 22
0025+  4483 00 00 00 00 
0025+  4487 00 00 00 00 
0025+  448B 00 00 00 00 
0025+  448F 00 00 00 00 
0025+  4493 00 00 00 00 
0025+  4497 00 00 00 00 
0025+  449B 00 00 00 00 
0025+  449F 76 
0026+  44A0 00 00 00 00                 DEFB $00,$00,$00,$00,$00,$00,$00,$00,$00,$00,$00,$00,$00,$00,$00,$00,$00,$00,$00,$00,$00,$00,$00,$00,$00,$00,$00,$00,$00,$00,$00,$00,$76 ; Line 23
0026+  44A4 00 00 00 00 
0026+  44A8 00 00 00 00 
0026+  44AC 00 00 00 00 
0026+  44B0 00 00 00 00 
0026+  44B4 00 00 00 00 
0026+  44B8 00 00 00 00 
0026+  44BC 00 00 00 00 
0026+  44C0 76 
0027+  44C1             
0028+  44C1                             
0029+  44C1             ;hires display - 192 lines of stuff
0030+  44C1 22 22 22 22 HDISPLAY    DEFB $22,$22,$22,$22,$22,$22,$22,$22,$22,$22,$22,$22,$22,$22,$22,$22,$22,$22,$22,$22,$22,$22,$22,$22,$22,$22,$22,$22,$22,$22,$22,$22,$c9
0030+  44C5 22 22 22 22 
0030+  44C9 22 22 22 22 
0030+  44CD 22 22 22 22 
0030+  44D1 22 22 22 22 
0030+  44D5 22 22 22 22 
0030+  44D9 22 22 22 22 
0030+  44DD 22 22 22 22 
0030+  44E1 C9 
0031+  44E2 22 22 22 22             DEFB $22,$22,$22,$22,$22,$22,$22,$22,$22,$22,$22,$22,$22,$22,$22,$22,$22,$22,$22,$22,$22,$22,$22,$22,$22,$22,$22,$22,$22,$22,$22,$22,$c9
0031+  44E6 22 22 22 22 
0031+  44EA 22 22 22 22 
0031+  44EE 22 22 22 22 
0031+  44F2 22 22 22 22 
0031+  44F6 22 22 22 22 
0031+  44FA 22 22 22 22 
0031+  44FE 22 22 22 22 
0031+  4502 C9 
0032+  4503 22 22 22 22             DEFB $22,$22,$22,$22,$22,$22,$22,$22,$22,$22,$22,$22,$22,$22,$22,$22,$22,$22,$22,$22,$22,$22,$22,$22,$22,$22,$22,$22,$22,$22,$22,$22,$c9
0032+  4507 22 22 22 22 
0032+  450B 22 22 22 22 
0032+  450F 22 22 22 22 
0032+  4513 22 22 22 22 
0032+  4517 22 22 22 22 
0032+  451B 22 22 22 22 
0032+  451F 22 22 22 22 
0032+  4523 C9 
0033+  4524 22 22 22 22             DEFB $22,$22,$22,$22,$22,$22,$22,$22,$22,$22,$22,$22,$22,$22,$22,$22,$22,$22,$22,$22,$22,$22,$22,$22,$22,$22,$22,$22,$22,$22,$22,$22,$c9
0033+  4528 22 22 22 22 
0033+  452C 22 22 22 22 
0033+  4530 22 22 22 22 
0033+  4534 22 22 22 22 
0033+  4538 22 22 22 22 
0033+  453C 22 22 22 22 
0033+  4540 22 22 22 22 
0033+  4544 C9 
0034+  4545 22 22 22 22             DEFB $22,$22,$22,$22,$22,$22,$22,$22,$22,$22,$22,$22,$22,$22,$22,$22,$22,$22,$22,$22,$22,$22,$22,$22,$22,$22,$22,$22,$22,$22,$22,$22,$c9
0034+  4549 22 22 22 22 
0034+  454D 22 22 22 22 
0034+  4551 22 22 22 22 
0034+  4555 22 22 22 22 
0034+  4559 22 22 22 22 
0034+  455D 22 22 22 22 
0034+  4561 22 22 22 22 
0034+  4565 C9 
0035+  4566 22 22 22 22             DEFB $22,$22,$22,$22,$22,$22,$22,$22,$22,$2b,$22,$22,$22,$22,$22,$22,$22,$22,$22,$22,$22,$22,$22,$22,$22,$22,$22,$22,$22,$22,$22,$22,$c9
0035+  456A 22 22 22 22 
0035+  456E 22 2B 22 22 
0035+  4572 22 22 22 22 
0035+  4576 22 22 22 22 
0035+  457A 22 22 22 22 
0035+  457E 22 22 22 22 
0035+  4582 22 22 22 22 
0035+  4586 C9 
0036+  4587 22 22 22 22             DEFB $22,$22,$22,$22,$22,$22,$22,$22,$22,$22,$22,$22,$22,$22,$22,$22,$22,$22,$22,$22,$22,$22,$22,$22,$22,$22,$22,$22,$22,$22,$22,$22,$c9
0036+  458B 22 22 22 22 
0036+  458F 22 22 22 22 
0036+  4593 22 22 22 22 
0036+  4597 22 22 22 22 
0036+  459B 22 22 22 22 
0036+  459F 22 22 22 22 
0036+  45A3 22 22 22 22 
0036+  45A7 C9 
0037+  45A8 22 22 22 22             DEFB $22,$22,$22,$22,$22,$22,$22,$06,$22,$22,$22,$22,$22,$22,$22,$22,$22,$22,$22,$22,$22,$22,$22,$22,$22,$22,$22,$22,$22,$22,$22,$22,$c9
0037+  45AC 22 22 22 06 
0037+  45B0 22 22 22 22 
0037+  45B4 22 22 22 22 
0037+  45B8 22 22 22 22 
0037+  45BC 22 22 22 22 
0037+  45C0 22 22 22 22 
0037+  45C4 22 22 22 22 
0037+  45C8 C9 
0038+  45C9 22 22 22 22             DEFB $22,$22,$22,$22,$22,$22,$22,$29,$22,$22,$22,$22,$22,$22,$22,$22,$22,$22,$22,$22,$22,$22,$22,$22,$22,$22,$22,$22,$22,$22,$22,$22,$c9
0038+  45CD 22 22 22 29 
0038+  45D1 22 22 22 22 
0038+  45D5 22 22 22 22 
0038+  45D9 22 22 22 22 
0038+  45DD 22 22 22 22 
0038+  45E1 22 22 22 22 
0038+  45E5 22 22 22 22 
0038+  45E9 C9 
0039+  45EA 22 22 22 22             DEFB $22,$22,$22,$22,$22,$22,$22,$23,$22,$22,$22,$22,$22,$22,$22,$22,$22,$22,$22,$22,$22,$22,$22,$22,$22,$22,$22,$22,$22,$22,$22,$22,$c9
0039+  45EE 22 22 22 23 
0039+  45F2 22 22 22 22 
0039+  45F6 22 22 22 22 
0039+  45FA 22 22 22 22 
0039+  45FE 22 22 22 22 
0039+  4602 22 22 22 22 
0039+  4606 22 22 22 22 
0039+  460A C9 
0040+  460B 22 22 22 22             DEFB $22,$22,$22,$22,$22,$22,$22,$05,$22,$22,$22,$22,$22,$22,$22,$22,$22,$22,$22,$22,$22,$22,$22,$22,$22,$22,$22,$22,$22,$22,$22,$22,$c9
0040+  460F 22 22 22 05 
0040+  4613 22 22 22 22 
0040+  4617 22 22 22 22 
0040+  461B 22 22 22 22 
0040+  461F 22 22 22 22 
0040+  4623 22 22 22 22 
0040+  4627 22 22 22 22 
0040+  462B C9 
0041+  462C 22 22 22 22             DEFB $22,$22,$22,$22,$22,$22,$22,$12,$22,$22,$22,$22,$22,$22,$22,$22,$22,$22,$22,$22,$22,$22,$22,$22,$22,$22,$22,$22,$22,$22,$22,$22,$c9
0041+  4630 22 22 22 12 
0041+  4634 22 22 22 22 
0041+  4638 22 22 22 22 
0041+  463C 22 22 22 22 
0041+  4640 22 22 22 22 
0041+  4644 22 22 22 22 
0041+  4648 22 22 22 22 
0041+  464C C9 
0042+  464D 22 22 22 16             DEFB $22,$22,$22,$16,$22,$22,$22,$a6,$22,$03,$0d,$22,$22,$22,$22,$22,$22,$22,$22,$22,$22,$22,$22,$22,$22,$22,$22,$22,$22,$22,$22,$22,$c9
0042+  4651 22 22 22 A6 
0042+  4655 22 03 0D 22 
0042+  4659 22 22 22 22 
0042+  465D 22 22 22 22 
0042+  4661 22 22 22 22 
0042+  4665 22 22 22 22 
0042+  4669 22 22 22 22 
0042+  466D C9 
0043+  466E 22 22 06 22             DEFB $22,$22,$06,$22,$22,$22,$22,$06,$22,$11,$05,$05,$22,$22,$22,$22,$22,$22,$22,$22,$22,$22,$22,$22,$22,$22,$22,$22,$22,$22,$22,$22,$c9
0043+  4672 22 22 22 06 
0043+  4676 22 11 05 05 
0043+  467A 22 22 22 22 
0043+  467E 22 22 22 22 
0043+  4682 22 22 22 22 
0043+  4686 22 22 22 22 
0043+  468A 22 22 22 22 
0043+  468E C9 
0044+  468F 22 22 05 22             DEFB $22,$22,$05,$22,$22,$22,$22,$03,$06,$05,$05,$22,$22,$22,$22,$22,$22,$22,$22,$22,$22,$22,$22,$22,$22,$22,$22,$22,$22,$22,$22,$22,$c9
0044+  4693 22 22 22 03 
0044+  4697 06 05 05 22 
0044+  469B 22 22 22 22 
0044+  469F 22 22 22 22 
0044+  46A3 22 22 22 22 
0044+  46A7 22 22 22 22 
0044+  46AB 22 22 22 22 
0044+  46AF C9 
0045+  46B0 22 81 2B 23             DEFB $22,$81,$2b,$23,$22,$22,$80,$23,$87,$2b,$00,$29,$22,$22,$22,$22,$22,$22,$22,$22,$22,$22,$22,$22,$22,$22,$22,$22,$22,$22,$22,$22,$c9
0045+  46B4 22 22 80 23 
0045+  46B8 87 2B 00 29 
0045+  46BC 22 22 22 22 
0045+  46C0 22 22 22 22 
0045+  46C4 22 22 22 22 
0045+  46C8 22 22 22 22 
0045+  46CC 22 22 22 22 
0045+  46D0 C9 
0046+  46D1 22 23 22 23             DEFB $22,$23,$22,$23,$22,$16,$05,$01,$22,$2b,$22,$2b,$22,$22,$22,$22,$22,$22,$22,$22,$22,$22,$22,$22,$22,$22,$22,$22,$22,$22,$22,$22,$c9
0046+  46D5 22 16 05 01 
0046+  46D9 22 2B 22 2B 
0046+  46DD 22 22 22 22 
0046+  46E1 22 22 22 22 
0046+  46E5 22 22 22 22 
0046+  46E9 22 22 22 22 
0046+  46ED 22 22 22 22 
0046+  46F1 C9 
0047+  46F2 22 BB 22 23             DEFB $22,$bb,$22,$23,$3c,$81,$29,$ba,$22,$00,$22,$22,$22,$22,$22,$22,$22,$22,$22,$22,$22,$22,$22,$22,$22,$22,$22,$22,$22,$22,$22,$22,$c9
0047+  46F6 3C 81 29 BA 
0047+  46FA 22 00 22 22 
0047+  46FE 22 22 22 22 
0047+  4702 22 22 22 22 
0047+  4706 22 22 22 22 
0047+  470A 22 22 22 22 
0047+  470E 22 22 22 22 
0047+  4712 C9 
0048+  4713 22 BB 22 81             DEFB $22,$bb,$22,$81,$22,$2b,$29,$29,$2b,$29,$81,$22,$22,$22,$22,$22,$22,$22,$22,$22,$22,$22,$22,$22,$22,$22,$22,$22,$22,$22,$22,$22,$c9
0048+  4717 22 2B 29 29 
0048+  471B 2B 29 81 22 
0048+  471F 22 22 22 22 
0048+  4723 22 22 22 22 
0048+  4727 22 22 22 22 
0048+  472B 22 22 22 22 
0048+  472F 22 22 22 22 
0048+  4733 C9 
0049+  4734 22 BB 22 03             DEFB $22,$bb,$22,$03,$22,$2b,$00,$29,$0c,$05,$06,$22,$22,$22,$22,$22,$22,$22,$22,$22,$22,$22,$22,$22,$22,$22,$22,$22,$22,$22,$22,$22,$c9
0049+  4738 22 2B 00 29 
0049+  473C 0C 05 06 22 
0049+  4740 22 22 22 22 
0049+  4744 22 22 22 22 
0049+  4748 22 22 22 22 
0049+  474C 22 22 22 22 
0049+  4750 22 22 22 22 
0049+  4754 C9 
0050+  4755 22 BB 22 39             DEFB $22,$bb,$22,$39,$22,$2b,$22,$29,$0c,$05,$23,$22,$22,$22,$22,$22,$22,$22,$22,$22,$22,$22,$22,$22,$22,$22,$22,$22,$22,$22,$22,$22,$c9
0050+  4759 22 2B 22 29 
0050+  475D 0C 05 23 22 
0050+  4761 22 22 22 22 
0050+  4765 22 22 22 22 
0050+  4769 22 22 22 22 
0050+  476D 22 22 22 22 
0050+  4771 22 22 22 22 
0050+  4775 C9 
0051+  4776 22 BB 22 01             DEFB $22,$bb,$22,$01,$22,$29,$22,$29,$81,$12,$22,$22,$22,$22,$22,$22,$22,$22,$22,$22,$22,$22,$22,$22,$22,$22,$22,$22,$22,$22,$22,$22,$c9
0051+  477A 22 29 22 29 
0051+  477E 81 12 22 22 
0051+  4782 22 22 22 22 
0051+  4786 22 22 22 22 
0051+  478A 22 22 22 22 
0051+  478E 22 22 22 22 
0051+  4792 22 22 22 22 
0051+  4796 C9 
0052+  4797 22 BB 03 06             DEFB $22,$bb,$03,$06,$22,$29,$22,$29,$0c,$13,$22,$22,$22,$22,$22,$22,$22,$22,$22,$22,$22,$22,$22,$22,$22,$22,$22,$22,$22,$22,$22,$22,$c9
0052+  479B 22 29 22 29 
0052+  479F 0C 13 22 22 
0052+  47A3 22 22 22 22 
0052+  47A7 22 22 22 22 
0052+  47AB 22 22 22 22 
0052+  47AF 22 22 22 22 
0052+  47B3 22 22 22 22 
0052+  47B7 C9 
0053+  47B8 22 BB 06 05             DEFB $22,$bb,$06,$05,$22,$22,$22,$22,$29,$23,$23,$22,$22,$22,$22,$22,$22,$22,$22,$22,$22,$22,$22,$22,$22,$22,$22,$22,$22,$22,$22,$22,$c9
0053+  47BC 22 22 22 22 
0053+  47C0 29 23 23 22 
0053+  47C4 22 22 22 22 
0053+  47C8 22 22 22 22 
0053+  47CC 22 22 22 22 
0053+  47D0 22 22 22 22 
0053+  47D4 22 22 22 22 
0053+  47D8 C9 
0054+  47D9 22 13 03 94             DEFB $22,$13,$03,$94,$22,$05,$22,$22,$29,$89,$23,$22,$22,$22,$22,$22,$22,$22,$22,$22,$22,$22,$22,$22,$22,$22,$22,$22,$22,$22,$22,$22,$c9
0054+  47DD 22 05 22 22 
0054+  47E1 29 89 23 22 
0054+  47E5 22 22 22 22 
0054+  47E9 22 22 22 22 
0054+  47ED 22 22 22 22 
0054+  47F1 22 22 22 22 
0054+  47F5 22 22 22 22 
0054+  47F9 C9 
0055+  47FA 22 13 22 02             DEFB $22,$13,$22,$02,$22,$05,$22,$22,$29,$13,$23,$22,$22,$22,$22,$22,$22,$22,$22,$22,$22,$22,$22,$22,$22,$22,$22,$22,$22,$22,$22,$22,$c9
0055+  47FE 22 05 22 22 
0055+  4802 29 13 23 22 
0055+  4806 22 22 22 22 
0055+  480A 22 22 22 22 
0055+  480E 22 22 22 22 
0055+  4812 22 22 22 22 
0055+  4816 22 22 22 22 
0055+  481A C9 
0056+  481B 22 13 22 23             DEFB $22,$13,$22,$23,$22,$05,$22,$05,$29,$13,$23,$22,$22,$22,$22,$22,$22,$22,$22,$22,$22,$22,$22,$22,$22,$22,$22,$22,$22,$22,$22,$22,$c9
0056+  481F 22 05 22 05 
0056+  4823 29 13 23 22 
0056+  4827 22 22 22 22 
0056+  482B 22 22 22 22 
0056+  482F 22 22 22 22 
0056+  4833 22 22 22 22 
0056+  4837 22 22 22 22 
0056+  483B C9 
0057+  483C 22 13 22 13             DEFB $22,$13,$22,$13,$22,$22,$21,$05,$22,$8e,$22,$22,$22,$22,$22,$22,$22,$22,$22,$22,$22,$22,$22,$22,$22,$22,$22,$22,$22,$22,$22,$22,$c9
0057+  4840 22 22 21 05 
0057+  4844 22 8E 22 22 
0057+  4848 22 22 22 22 
0057+  484C 22 22 22 22 
0057+  4850 22 22 22 22 
0057+  4854 22 22 22 22 
0057+  4858 22 22 22 22 
0057+  485C C9 
0058+  485D 22 23 22 13             DEFB $22,$23,$22,$13,$22,$02,$21,$05,$22,$8e,$22,$22,$22,$22,$22,$22,$22,$22,$22,$22,$22,$22,$22,$22,$22,$22,$22,$22,$22,$22,$22,$22,$c9
0058+  4861 22 02 21 05 
0058+  4865 22 8E 22 22 
0058+  4869 22 22 22 22 
0058+  486D 22 22 22 22 
0058+  4871 22 22 22 22 
0058+  4875 22 22 22 22 
0058+  4879 22 22 22 22 
0058+  487D C9 
0059+  487E 22 23 22 16             DEFB $22,$23,$22,$16,$22,$02,$21,$05,$22,$8e,$13,$22,$22,$22,$22,$22,$22,$22,$22,$22,$22,$22,$80,$22,$22,$22,$22,$22,$22,$22,$22,$22,$c9
0059+  4882 22 02 21 05 
0059+  4886 22 8E 13 22 
0059+  488A 22 22 22 22 
0059+  488E 22 22 22 22 
0059+  4892 22 22 80 22 
0059+  4896 22 22 22 22 
0059+  489A 22 22 22 22 
0059+  489E C9 
0060+  489F 22 06 22 83             DEFB $22,$06,$22,$83,$23,$02,$21,$05,$29,$03,$3a,$22,$22,$22,$22,$22,$22,$22,$22,$22,$22,$22,$29,$07,$03,$00,$22,$22,$22,$22,$22,$22,$c9
0060+  48A3 23 02 21 05 
0060+  48A7 29 03 3A 22 
0060+  48AB 22 22 22 22 
0060+  48AF 22 22 22 22 
0060+  48B3 22 22 29 07 
0060+  48B7 03 00 22 22 
0060+  48BB 22 22 22 22 
0060+  48BF C9 
0061+  48C0 22 06 22 23             DEFB $22,$06,$22,$23,$88,$02,$13,$80,$00,$3a,$22,$22,$22,$22,$22,$22,$22,$22,$22,$22,$22,$22,$03,$3a,$22,$12,$22,$22,$22,$22,$22,$22,$c9
0061+  48C4 88 02 13 80 
0061+  48C8 00 3A 22 22 
0061+  48CC 22 22 22 22 
0061+  48D0 22 22 22 22 
0061+  48D4 22 22 03 3A 
0061+  48D8 22 12 22 22 
0061+  48DC 22 22 22 22 
0061+  48E0 C9 
0062+  48E1 22 06 22 23             DEFB $22,$06,$22,$23,$bc,$80,$90,$00,$ab,$2b,$22,$22,$22,$22,$22,$22,$22,$22,$22,$22,$22,$22,$13,$12,$22,$03,$22,$22,$22,$22,$22,$22,$c9
0062+  48E5 BC 80 90 00 
0062+  48E9 AB 2B 22 22 
0062+  48ED 22 22 22 22 
0062+  48F1 22 22 22 22 
0062+  48F5 22 22 13 12 
0062+  48F9 22 03 22 22 
0062+  48FD 22 22 22 22 
0062+  4901 C9 
0063+  4902 22 06 22 23             DEFB $22,$06,$22,$23,$02,$ab,$23,$22,$05,$22,$22,$22,$22,$22,$22,$22,$22,$22,$22,$22,$22,$81,$02,$23,$13,$81,$2b,$22,$22,$22,$22,$22,$c9
0063+  4906 02 AB 23 22 
0063+  490A 05 22 22 22 
0063+  490E 22 22 22 22 
0063+  4912 22 22 22 22 
0063+  4916 22 81 02 23 
0063+  491A 13 81 2B 22 
0063+  491E 22 22 22 22 
0063+  4922 C9 
0064+  4923 22 03 22 94             DEFB $22,$03,$22,$94,$03,$2b,$22,$22,$22,$22,$22,$22,$22,$22,$22,$22,$22,$22,$22,$22,$22,$06,$05,$06,$14,$00,$05,$22,$22,$22,$22,$22,$c9
0064+  4927 03 2B 22 22 
0064+  492B 22 22 22 22 
0064+  492F 22 22 22 22 
0064+  4933 22 22 22 22 
0064+  4937 22 06 05 06 
0064+  493B 14 00 05 22 
0064+  493F 22 22 22 22 
0064+  4943 C9 
0065+  4944 22 03 22 26             DEFB $22,$03,$22,$26,$93,$22,$22,$81,$94,$05,$22,$22,$22,$22,$22,$22,$22,$22,$22,$22,$22,$06,$29,$81,$2b,$05,$80,$00,$22,$22,$22,$22,$c9
0065+  4948 93 22 22 81 
0065+  494C 94 05 22 22 
0065+  4950 22 22 22 22 
0065+  4954 22 22 22 22 
0065+  4958 22 06 29 81 
0065+  495C 2B 05 80 00 
0065+  4960 22 22 22 22 
0065+  4964 C9 
0066+  4965 22 81 22 2B             DEFB $22,$81,$22,$2b,$22,$22,$22,$bb,$23,$22,$22,$22,$22,$22,$22,$22,$22,$22,$22,$22,$22,$23,$01,$81,$22,$05,$22,$02,$22,$22,$22,$22,$c9
0066+  4969 22 22 22 BB 
0066+  496D 23 22 22 22 
0066+  4971 22 22 22 22 
0066+  4975 22 22 22 22 
0066+  4979 22 23 01 81 
0066+  497D 22 05 22 02 
0066+  4981 22 22 22 22 
0066+  4985 C9 
0067+  4986 22 81 2B 2B             DEFB $22,$81,$2b,$2b,$03,$12,$0e,$00,$0a,$22,$22,$22,$22,$22,$22,$22,$22,$22,$22,$22,$22,$23,$29,$08,$22,$02,$22,$bb,$22,$22,$22,$22,$c9
0067+  498A 03 12 0E 00 
0067+  498E 0A 22 22 22 
0067+  4992 22 22 22 22 
0067+  4996 22 22 22 22 
0067+  499A 22 23 29 08 
0067+  499E 22 02 22 BB 
0067+  49A2 22 22 22 22 
0067+  49A6 C9 
0068+  49A7 22 81 A2 22             DEFB $22,$81,$a2,$22,$12,$03,$03,$23,$12,$bb,$22,$22,$22,$22,$22,$22,$22,$22,$22,$22,$22,$23,$2b,$03,$00,$bb,$22,$23,$22,$22,$22,$22,$c9
0068+  49AB 12 03 03 23 
0068+  49AF 12 BB 22 22 
0068+  49B3 22 22 22 22 
0068+  49B7 22 22 22 22 
0068+  49BB 22 23 2B 03 
0068+  49BF 00 BB 22 23 
0068+  49C3 22 22 22 22 
0068+  49C7 C9 
0069+  49C8 22 22 3A 22             DEFB $22,$22,$3a,$22,$05,$06,$81,$23,$22,$22,$22,$22,$22,$22,$22,$22,$22,$22,$22,$22,$22,$bb,$03,$22,$39,$bb,$22,$23,$22,$22,$22,$22,$c9
0069+  49CC 05 06 81 23 
0069+  49D0 22 22 22 22 
0069+  49D4 22 22 22 22 
0069+  49D8 22 22 22 22 
0069+  49DC 22 BB 03 22 
0069+  49E0 39 BB 22 23 
0069+  49E4 22 22 22 22 
0069+  49E8 C9 
0070+  49E9 22 22 22 22             DEFB $22,$22,$22,$22,$22,$06,$81,$22,$22,$02,$22,$22,$22,$22,$22,$22,$22,$22,$22,$22,$22,$bb,$2b,$23,$22,$21,$22,$06,$22,$22,$22,$22,$c9
0070+  49ED 22 06 81 22 
0070+  49F1 22 02 22 22 
0070+  49F5 22 22 22 22 
0070+  49F9 22 22 22 22 
0070+  49FD 22 BB 2B 23 
0070+  4A01 22 21 22 06 
0070+  4A05 22 22 22 22 
0070+  4A09 C9 
0071+  4A0A 22 22 22 22             DEFB $22,$22,$22,$22,$22,$22,$81,$22,$22,$22,$22,$22,$22,$22,$22,$22,$22,$22,$03,$a2,$a2,$21,$29,$13,$22,$16,$22,$06,$22,$22,$22,$22,$c9
0071+  4A0E 22 22 81 22 
0071+  4A12 22 22 22 22 
0071+  4A16 22 22 22 22 
0071+  4A1A 22 22 03 A2 
0071+  4A1E A2 21 29 13 
0071+  4A22 22 16 22 06 
0071+  4A26 22 22 22 22 
0071+  4A2A C9 
0072+  4A2B 22 22 22 81             DEFB $22,$22,$22,$81,$22,$22,$11,$22,$22,$05,$22,$22,$22,$22,$22,$22,$22,$22,$16,$22,$22,$03,$a2,$3a,$06,$bb,$22,$06,$22,$22,$22,$22,$c9
0072+  4A2F 22 22 11 22 
0072+  4A33 22 05 22 22 
0072+  4A37 22 22 22 22 
0072+  4A3B 22 22 16 22 
0072+  4A3F 22 03 A2 3A 
0072+  4A43 06 BB 22 06 
0072+  4A47 22 22 22 22 
0072+  4A4B C9 
0073+  4A4C 22 22 22 06             DEFB $22,$22,$22,$06,$22,$22,$06,$06,$22,$29,$22,$22,$22,$22,$22,$22,$22,$22,$00,$22,$22,$22,$22,$06,$06,$bb,$22,$81,$22,$22,$22,$22,$c9
0073+  4A50 22 22 06 06 
0073+  4A54 22 29 22 22 
0073+  4A58 22 22 22 22 
0073+  4A5C 22 22 00 22 
0073+  4A60 22 22 22 06 
0073+  4A64 06 BB 22 81 
0073+  4A68 22 22 22 22 
0073+  4A6C C9 
0074+  4A6D 22 22 22 06             DEFB $22,$22,$22,$06,$81,$01,$22,$03,$22,$2b,$22,$22,$22,$22,$22,$22,$22,$81,$22,$22,$22,$22,$22,$06,$22,$02,$22,$81,$22,$22,$22,$22,$c9
0074+  4A71 81 01 22 03 
0074+  4A75 22 2B 22 22 
0074+  4A79 22 22 22 22 
0074+  4A7D 22 81 22 22 
0074+  4A81 22 22 22 06 
0074+  4A85 22 02 22 81 
0074+  4A89 22 22 22 22 
0074+  4A8D C9 
0075+  4A8E 22 22 22 23             DEFB $22,$22,$22,$23,$03,$06,$22,$81,$2b,$2b,$22,$22,$22,$22,$22,$22,$22,$06,$22,$22,$22,$22,$22,$81,$22,$02,$22,$81,$22,$22,$22,$22,$c9
0075+  4A92 03 06 22 81 
0075+  4A96 2B 2B 22 22 
0075+  4A9A 22 22 22 22 
0075+  4A9E 22 06 22 22 
0075+  4AA2 22 22 22 81 
0075+  4AA6 22 02 22 81 
0075+  4AAA 22 22 22 22 
0075+  4AAE C9 
0076+  4AAF 22 22 22 23             DEFB $22,$22,$22,$23,$22,$0c,$22,$23,$00,$22,$22,$22,$22,$22,$22,$22,$22,$23,$22,$22,$22,$22,$22,$22,$2b,$05,$22,$22,$22,$22,$22,$22,$c9
0076+  4AB3 22 0C 22 23 
0076+  4AB7 00 22 22 22 
0076+  4ABB 22 22 22 22 
0076+  4ABF 22 23 22 22 
0076+  4AC3 22 22 22 22 
0076+  4AC7 2B 05 22 22 
0076+  4ACB 22 22 22 22 
0076+  4ACF C9 
0077+  4AD0 22 22 22 23             DEFB $22,$22,$22,$23,$81,$81,$22,$22,$00,$22,$22,$22,$22,$22,$22,$22,$22,$bb,$22,$22,$22,$22,$22,$22,$00,$00,$22,$22,$2b,$22,$22,$22,$c9
0077+  4AD4 81 81 22 22 
0077+  4AD8 00 22 22 22 
0077+  4ADC 22 22 22 22 
0077+  4AE0 22 BB 22 22 
0077+  4AE4 22 22 22 22 
0077+  4AE8 00 00 22 22 
0077+  4AEC 2B 22 22 22 
0077+  4AF0 C9 
0078+  4AF1 22 22 22 06             DEFB $22,$22,$22,$06,$81,$0c,$22,$bb,$00,$22,$22,$22,$22,$22,$22,$22,$22,$bb,$22,$22,$22,$22,$22,$22,$80,$22,$22,$22,$2b,$22,$22,$22,$c9
0078+  4AF5 81 0C 22 BB 
0078+  4AF9 00 22 22 22 
0078+  4AFD 22 22 22 22 
0078+  4B01 22 BB 22 22 
0078+  4B05 22 22 22 22 
0078+  4B09 80 22 22 22 
0078+  4B0D 2B 22 22 22 
0078+  4B11 C9 
0079+  4B12 22 22 22 06             DEFB $22,$22,$22,$06,$03,$08,$22,$22,$00,$29,$22,$22,$22,$22,$22,$22,$22,$02,$22,$22,$22,$22,$22,$22,$22,$22,$2b,$22,$2b,$22,$22,$22,$c9
0079+  4B16 03 08 22 22 
0079+  4B1A 00 29 22 22 
0079+  4B1E 22 22 22 22 
0079+  4B22 22 02 22 22 
0079+  4B26 22 22 22 22 
0079+  4B2A 22 22 2B 22 
0079+  4B2E 2B 22 22 22 
0079+  4B32 C9 
0080+  4B33 22 22 22 06             DEFB $22,$22,$22,$06,$22,$22,$2b,$05,$00,$10,$22,$22,$22,$22,$22,$22,$22,$39,$22,$22,$22,$22,$22,$22,$22,$22,$2b,$22,$2b,$22,$22,$22,$c9
0080+  4B37 22 22 2B 05 
0080+  4B3B 00 10 22 22 
0080+  4B3F 22 22 22 22 
0080+  4B43 22 39 22 22 
0080+  4B47 22 22 22 22 
0080+  4B4B 22 22 2B 22 
0080+  4B4F 2B 22 22 22 
0080+  4B53 C9 
0081+  4B54 22 22 22 03             DEFB $22,$22,$22,$03,$22,$22,$00,$29,$29,$02,$22,$22,$22,$22,$22,$22,$22,$ab,$2b,$22,$22,$22,$22,$22,$22,$22,$2b,$22,$2b,$22,$22,$22,$c9
0081+  4B58 22 22 00 29 
0081+  4B5C 29 02 22 22 
0081+  4B60 22 22 22 22 
0081+  4B64 22 AB 2B 22 
0081+  4B68 22 22 22 22 
0081+  4B6C 22 22 2B 22 
0081+  4B70 2B 22 22 22 
0081+  4B74 C9 
0082+  4B75 22 22 22 81             DEFB $22,$22,$22,$81,$2b,$22,$80,$2b,$09,$2b,$22,$22,$22,$22,$22,$22,$22,$a2,$00,$22,$22,$22,$22,$22,$22,$22,$22,$22,$2b,$22,$22,$22,$c9
0082+  4B79 2B 22 80 2B 
0082+  4B7D 09 2B 22 22 
0082+  4B81 22 22 22 22 
0082+  4B85 22 A2 00 22 
0082+  4B89 22 22 22 22 
0082+  4B8D 22 22 22 22 
0082+  4B91 2B 22 22 22 
0082+  4B95 C9 
0083+  4B96 22 22 22 81             DEFB $22,$22,$22,$81,$00,$22,$13,$22,$01,$22,$22,$22,$22,$22,$22,$22,$81,$a2,$00,$22,$22,$22,$22,$22,$22,$22,$22,$22,$2b,$22,$22,$22,$c9
0083+  4B9A 00 22 13 22 
0083+  4B9E 01 22 22 22 
0083+  4BA2 22 22 22 22 
0083+  4BA6 81 A2 00 22 
0083+  4BAA 22 22 22 22 
0083+  4BAE 22 22 22 22 
0083+  4BB2 2B 22 22 22 
0083+  4BB6 C9 
0084+  4BB7 22 22 22 22             DEFB $22,$22,$22,$22,$05,$03,$22,$22,$22,$22,$16,$22,$22,$22,$22,$22,$03,$a2,$3a,$22,$22,$22,$22,$22,$22,$81,$22,$22,$2b,$22,$22,$22,$c9
0084+  4BBB 05 03 22 22 
0084+  4BBF 22 22 16 22 
0084+  4BC3 22 22 22 22 
0084+  4BC7 03 A2 3A 22 
0084+  4BCB 22 22 22 22 
0084+  4BCF 22 81 22 22 
0084+  4BD3 2B 22 22 22 
0084+  4BD7 C9 
0085+  4BD8 22 22 22 22             DEFB $22,$22,$22,$22,$16,$13,$22,$22,$03,$80,$a2,$2b,$22,$22,$22,$22,$03,$a2,$3a,$22,$22,$22,$22,$22,$22,$81,$22,$22,$2b,$22,$22,$22,$c9
0085+  4BDC 16 13 22 22 
0085+  4BE0 03 80 A2 2B 
0085+  4BE4 22 22 22 22 
0085+  4BE8 03 A2 3A 22 
0085+  4BEC 22 22 22 22 
0085+  4BF0 22 81 22 22 
0085+  4BF4 2B 22 22 22 
0085+  4BF8 C9 
0086+  4BF9 22 22 22 22             DEFB $22,$22,$22,$22,$ba,$3a,$22,$22,$03,$00,$81,$80,$00,$22,$22,$22,$ba,$a2,$3a,$22,$22,$22,$22,$22,$22,$81,$22,$22,$2b,$22,$22,$22,$c9
0086+  4BFD BA 3A 22 22 
0086+  4C01 03 00 81 80 
0086+  4C05 00 22 22 22 
0086+  4C09 BA A2 3A 22 
0086+  4C0D 22 22 22 22 
0086+  4C11 22 81 22 22 
0086+  4C15 2B 22 22 22 
0086+  4C19 C9 
0087+  4C1A 22 22 22 22             DEFB $22,$22,$22,$22,$22,$22,$22,$22,$13,$05,$22,$0c,$00,$22,$22,$22,$03,$a2,$01,$22,$22,$22,$22,$22,$22,$81,$22,$22,$2b,$22,$22,$22,$c9
0087+  4C1E 22 22 22 22 
0087+  4C22 13 05 22 0C 
0087+  4C26 00 22 22 22 
0087+  4C2A 03 A2 01 22 
0087+  4C2E 22 22 22 22 
0087+  4C32 22 81 22 22 
0087+  4C36 2B 22 22 22 
0087+  4C3A C9 
0088+  4C3B 22 22 22 22             DEFB $22,$22,$22,$22,$22,$22,$22,$22,$10,$bb,$22,$29,$16,$22,$22,$22,$03,$a2,$01,$22,$22,$22,$22,$22,$22,$22,$22,$22,$2b,$22,$22,$22,$c9
0088+  4C3F 22 22 22 22 
0088+  4C43 10 BB 22 29 
0088+  4C47 16 22 22 22 
0088+  4C4B 03 A2 01 22 
0088+  4C4F 22 22 22 22 
0088+  4C53 22 22 22 22 
0088+  4C57 2B 22 22 22 
0088+  4C5B C9 
0089+  4C5C 22 22 22 22             DEFB $22,$22,$22,$22,$22,$22,$22,$03,$2b,$22,$22,$22,$03,$22,$22,$22,$03,$a2,$01,$22,$22,$22,$22,$22,$22,$22,$2b,$22,$2b,$22,$22,$22,$c9
0089+  4C60 22 22 22 03 
0089+  4C64 2B 22 22 22 
0089+  4C68 03 22 22 22 
0089+  4C6C 03 A2 01 22 
0089+  4C70 22 22 22 22 
0089+  4C74 22 22 2B 22 
0089+  4C78 2B 22 22 22 
0089+  4C7C C9 
0090+  4C7D 22 22 22 22             DEFB $22,$22,$22,$22,$22,$22,$22,$80,$22,$22,$22,$22,$bb,$3a,$22,$22,$80,$a2,$01,$22,$22,$22,$22,$22,$22,$22,$2b,$81,$22,$22,$22,$22,$c9
0090+  4C81 22 22 22 80 
0090+  4C85 22 22 22 22 
0090+  4C89 BB 3A 22 22 
0090+  4C8D 80 A2 01 22 
0090+  4C91 22 22 22 22 
0090+  4C95 22 22 2B 81 
0090+  4C99 22 22 22 22 
0090+  4C9D C9 
0091+  4C9E 22 22 22 22             DEFB $22,$22,$22,$22,$22,$22,$22,$16,$00,$22,$22,$22,$22,$16,$22,$22,$80,$a2,$01,$22,$22,$22,$22,$22,$22,$22,$05,$06,$22,$22,$22,$22,$c9
0091+  4CA2 22 22 22 16 
0091+  4CA6 00 22 22 22 
0091+  4CAA 22 16 22 22 
0091+  4CAE 80 A2 01 22 
0091+  4CB2 22 22 22 22 
0091+  4CB6 22 22 05 06 
0091+  4CBA 22 22 22 22 
0091+  4CBE C9 
0092+  4CBF 22 22 22 22             DEFB $22,$22,$22,$22,$22,$22,$22,$05,$22,$22,$22,$22,$22,$13,$22,$22,$80,$a2,$01,$22,$22,$22,$22,$22,$22,$22,$80,$3a,$22,$22,$22,$22,$c9
0092+  4CC3 22 22 22 05 
0092+  4CC7 22 22 22 22 
0092+  4CCB 22 13 22 22 
0092+  4CCF 80 A2 01 22 
0092+  4CD3 22 22 22 22 
0092+  4CD7 22 22 80 3A 
0092+  4CDB 22 22 22 22 
0092+  4CDF C9 
0093+  4CE0 22 22 22 22             DEFB $22,$22,$22,$22,$22,$22,$81,$2b,$22,$22,$22,$22,$22,$06,$22,$22,$80,$a2,$01,$22,$22,$22,$22,$22,$22,$22,$22,$02,$22,$22,$22,$22,$c9
0093+  4CE4 22 22 81 2B 
0093+  4CE8 22 22 22 22 
0093+  4CEC 22 06 22 22 
0093+  4CF0 80 A2 01 22 
0093+  4CF4 22 22 22 22 
0093+  4CF8 22 22 22 02 
0093+  4CFC 22 22 22 22 
0093+  4D00 C9 
0094+  4D01 22 22 22 22             DEFB $22,$22,$22,$22,$22,$22,$03,$22,$22,$22,$22,$22,$22,$03,$22,$22,$80,$a2,$01,$22,$22,$22,$22,$22,$22,$22,$22,$02,$22,$22,$22,$22,$c9
0094+  4D05 22 22 03 22 
0094+  4D09 22 22 22 22 
0094+  4D0D 22 03 22 22 
0094+  4D11 80 A2 01 22 
0094+  4D15 22 22 22 22 
0094+  4D19 22 22 22 02 
0094+  4D1D 22 22 22 22 
0094+  4D21 C9 
0095+  4D22 22 22 22 22             DEFB $22,$22,$22,$22,$22,$22,$13,$22,$22,$22,$22,$22,$22,$06,$00,$22,$80,$a2,$01,$22,$22,$22,$22,$22,$22,$22,$22,$02,$22,$22,$22,$22,$c9
0095+  4D26 22 22 13 22 
0095+  4D2A 22 22 22 22 
0095+  4D2E 22 06 00 22 
0095+  4D32 80 A2 01 22 
0095+  4D36 22 22 22 22 
0095+  4D3A 22 22 22 02 
0095+  4D3E 22 22 22 22 
0095+  4D42 C9 
0096+  4D43 22 22 22 22             DEFB $22,$22,$22,$22,$22,$22,$01,$22,$22,$22,$22,$22,$22,$22,$05,$22,$80,$a2,$01,$22,$22,$22,$22,$22,$22,$22,$22,$02,$22,$22,$22,$22,$c9
0096+  4D47 22 22 01 22 
0096+  4D4B 22 22 22 22 
0096+  4D4F 22 22 05 22 
0096+  4D53 80 A2 01 22 
0096+  4D57 22 22 22 22 
0096+  4D5B 22 22 22 02 
0096+  4D5F 22 22 22 22 
0096+  4D63 C9 
0097+  4D64 22 22 22 22             DEFB $22,$22,$22,$22,$22,$22,$1e,$22,$22,$22,$22,$22,$22,$22,$12,$22,$80,$a2,$01,$22,$22,$22,$22,$22,$22,$22,$22,$02,$22,$22,$22,$22,$c9
0097+  4D68 22 22 1E 22 
0097+  4D6C 22 22 22 22 
0097+  4D70 22 22 12 22 
0097+  4D74 80 A2 01 22 
0097+  4D78 22 22 22 22 
0097+  4D7C 22 22 22 02 
0097+  4D80 22 22 22 22 
0097+  4D84 C9 
0098+  4D85 22 22 22 22             DEFB $22,$22,$22,$22,$22,$22,$00,$22,$22,$22,$22,$22,$22,$22,$13,$22,$80,$a2,$01,$22,$22,$22,$22,$22,$22,$22,$22,$02,$22,$22,$22,$22,$c9
0098+  4D89 22 22 00 22 
0098+  4D8D 22 22 22 22 
0098+  4D91 22 22 13 22 
0098+  4D95 80 A2 01 22 
0098+  4D99 22 22 22 22 
0098+  4D9D 22 22 22 02 
0098+  4DA1 22 22 22 22 
0098+  4DA5 C9 
0099+  4DA6 22 22 22 22             DEFB $22,$22,$22,$22,$22,$22,$2b,$22,$22,$22,$22,$22,$22,$22,$06,$22,$80,$a2,$01,$22,$22,$22,$22,$22,$22,$22,$22,$02,$22,$22,$22,$22,$c9
0099+  4DAA 22 22 2B 22 
0099+  4DAE 22 22 22 22 
0099+  4DB2 22 22 06 22 
0099+  4DB6 80 A2 01 22 
0099+  4DBA 22 22 22 22 
0099+  4DBE 22 22 22 02 
0099+  4DC2 22 22 22 22 
0099+  4DC6 C9 
0100+  4DC7 22 22 22 22             DEFB $22,$22,$22,$22,$22,$81,$22,$22,$22,$22,$22,$22,$22,$22,$03,$22,$80,$a2,$01,$22,$22,$22,$22,$22,$22,$22,$22,$02,$22,$22,$22,$22,$c9
0100+  4DCB 22 81 22 22 
0100+  4DCF 22 22 22 22 
0100+  4DD3 22 22 03 22 
0100+  4DD7 80 A2 01 22 
0100+  4DDB 22 22 22 22 
0100+  4DDF 22 22 22 02 
0100+  4DE3 22 22 22 22 
0100+  4DE7 C9 
0101+  4DE8 22 22 22 22             DEFB $22,$22,$22,$22,$22,$06,$22,$22,$22,$22,$22,$22,$22,$16,$81,$22,$80,$a2,$01,$22,$22,$22,$22,$22,$22,$22,$22,$02,$22,$22,$22,$22,$c9
0101+  4DEC 22 06 22 22 
0101+  4DF0 22 22 22 22 
0101+  4DF4 22 16 81 22 
0101+  4DF8 80 A2 01 22 
0101+  4DFC 22 22 22 22 
0101+  4E00 22 22 22 02 
0101+  4E04 22 22 22 22 
0101+  4E08 C9 
0102+  4E09 22 22 22 22             DEFB $22,$22,$22,$22,$22,$23,$22,$22,$22,$22,$22,$22,$03,$2b,$81,$2b,$80,$a2,$01,$22,$22,$22,$22,$22,$22,$22,$22,$02,$22,$22,$22,$22,$c9
0102+  4E0D 22 23 22 22 
0102+  4E11 22 22 22 22 
0102+  4E15 03 2B 81 2B 
0102+  4E19 80 A2 01 22 
0102+  4E1D 22 22 22 22 
0102+  4E21 22 22 22 02 
0102+  4E25 22 22 22 22 
0102+  4E29 C9 
0103+  4E2A 22 22 22 22             DEFB $22,$22,$22,$22,$22,$bb,$22,$22,$22,$22,$22,$22,$88,$22,$81,$29,$03,$a2,$3a,$22,$22,$22,$22,$22,$22,$22,$22,$02,$22,$22,$22,$22,$c9
0103+  4E2E 22 BB 22 22 
0103+  4E32 22 22 22 22 
0103+  4E36 88 22 81 29 
0103+  4E3A 03 A2 3A 22 
0103+  4E3E 22 22 22 22 
0103+  4E42 22 22 22 02 
0103+  4E46 22 22 22 22 
0103+  4E4A C9 
0104+  4E4B 22 22 22 22             DEFB $22,$22,$22,$22,$22,$b8,$22,$22,$22,$22,$22,$22,$05,$22,$22,$05,$03,$a2,$3a,$22,$22,$22,$22,$22,$22,$22,$22,$02,$22,$22,$22,$22,$c9
0104+  4E4F 22 B8 22 22 
0104+  4E53 22 22 22 22 
0104+  4E57 05 22 22 05 
0104+  4E5B 03 A2 3A 22 
0104+  4E5F 22 22 22 22 
0104+  4E63 22 22 22 02 
0104+  4E67 22 22 22 22 
0104+  4E6B C9 
0105+  4E6C 22 22 22 22             DEFB $22,$22,$22,$22,$22,$10,$22,$22,$22,$22,$22,$22,$22,$16,$22,$05,$03,$a2,$3a,$22,$22,$22,$22,$22,$22,$22,$22,$02,$22,$22,$22,$22,$c9
0105+  4E70 22 10 22 22 
0105+  4E74 22 22 22 22 
0105+  4E78 22 16 22 05 
0105+  4E7C 03 A2 3A 22 
0105+  4E80 22 22 22 22 
0105+  4E84 22 22 22 02 
0105+  4E88 22 22 22 22 
0105+  4E8C C9 
0106+  4E8D 22 22 22 22             DEFB $22,$22,$22,$22,$22,$05,$22,$22,$22,$22,$22,$22,$81,$26,$22,$02,$ba,$a2,$3a,$22,$22,$22,$22,$22,$22,$22,$22,$02,$22,$22,$22,$22,$c9
0106+  4E91 22 05 22 22 
0106+  4E95 22 22 22 22 
0106+  4E99 81 26 22 02 
0106+  4E9D BA A2 3A 22 
0106+  4EA1 22 22 22 22 
0106+  4EA5 22 22 22 02 
0106+  4EA9 22 22 22 22 
0106+  4EAD C9 
0107+  4EAE 22 22 22 22             DEFB $22,$22,$22,$22,$22,$29,$22,$22,$22,$22,$22,$22,$06,$22,$00,$bb,$03,$a2,$00,$22,$22,$22,$22,$22,$22,$22,$22,$02,$22,$22,$22,$22,$c9
0107+  4EB2 22 29 22 22 
0107+  4EB6 22 22 22 22 
0107+  4EBA 06 22 00 BB 
0107+  4EBE 03 A2 00 22 
0107+  4EC2 22 22 22 22 
0107+  4EC6 22 22 22 02 
0107+  4ECA 22 22 22 22 
0107+  4ECE C9 
0108+  4ECF 22 22 22 22             DEFB $22,$22,$22,$22,$22,$00,$03,$a2,$3a,$22,$22,$22,$13,$22,$05,$03,$03,$a2,$00,$22,$22,$22,$22,$22,$22,$22,$22,$02,$22,$22,$22,$22,$c9
0108+  4ED3 22 00 03 A2 
0108+  4ED7 3A 22 22 22 
0108+  4EDB 13 22 05 03 
0108+  4EDF 03 A2 00 22 
0108+  4EE3 22 22 22 22 
0108+  4EE7 22 22 22 02 
0108+  4EEB 22 22 22 22 
0108+  4EEF C9 
0109+  4EF0 22 22 22 22             DEFB $22,$22,$22,$22,$22,$2b,$22,$22,$22,$22,$22,$22,$12,$22,$05,$23,$0c,$a2,$2b,$22,$22,$22,$22,$22,$22,$22,$22,$02,$22,$22,$22,$22,$c9
0109+  4EF4 22 2B 22 22 
0109+  4EF8 22 22 22 22 
0109+  4EFC 12 22 05 23 
0109+  4F00 0C A2 2B 22 
0109+  4F04 22 22 22 22 
0109+  4F08 22 22 22 02 
0109+  4F0C 22 22 22 22 
0109+  4F10 C9 
0110+  4F11 22 22 22 22             DEFB $22,$22,$22,$22,$81,$22,$22,$22,$22,$22,$22,$22,$02,$22,$02,$81,$29,$ab,$22,$22,$22,$22,$22,$22,$22,$22,$22,$22,$22,$22,$22,$22,$c9
0110+  4F15 81 22 22 22 
0110+  4F19 22 22 22 22 
0110+  4F1D 02 22 02 81 
0110+  4F21 29 AB 22 22 
0110+  4F25 22 22 22 22 
0110+  4F29 22 22 22 22 
0110+  4F2D 22 22 22 22 
0110+  4F31 C9 
0111+  4F32 22 22 22 22             DEFB $22,$22,$22,$22,$81,$22,$22,$22,$22,$22,$22,$22,$05,$22,$22,$06,$29,$21,$22,$22,$22,$22,$22,$22,$22,$22,$22,$05,$22,$22,$22,$22,$c9
0111+  4F36 81 22 22 22 
0111+  4F3A 22 22 22 22 
0111+  4F3E 05 22 22 06 
0111+  4F42 29 21 22 22 
0111+  4F46 22 22 22 22 
0111+  4F4A 22 22 22 05 
0111+  4F4E 22 22 22 22 
0111+  4F52 C9 
0112+  4F53 22 22 22 22             DEFB $22,$22,$22,$22,$03,$00,$22,$80,$2b,$22,$22,$22,$05,$22,$bb,$06,$29,$05,$22,$22,$22,$22,$22,$22,$22,$22,$22,$05,$22,$22,$22,$22,$c9
0112+  4F57 03 00 22 80 
0112+  4F5B 2B 22 22 22 
0112+  4F5F 05 22 BB 06 
0112+  4F63 29 05 22 22 
0112+  4F67 22 22 22 22 
0112+  4F6B 22 22 22 05 
0112+  4F6F 22 22 22 22 
0112+  4F73 C9 
0113+  4F74 22 22 22 22             DEFB $22,$22,$22,$22,$06,$22,$22,$00,$05,$22,$22,$22,$05,$81,$3a,$22,$29,$05,$22,$22,$22,$22,$22,$22,$22,$22,$22,$05,$22,$22,$22,$22,$c9
0113+  4F78 06 22 22 00 
0113+  4F7C 05 22 22 22 
0113+  4F80 05 81 3A 22 
0113+  4F84 29 05 22 22 
0113+  4F88 22 22 22 22 
0113+  4F8C 22 22 22 05 
0113+  4F90 22 22 22 22 
0113+  4F94 C9 
0114+  4F95 22 22 22 22             DEFB $22,$22,$22,$22,$13,$22,$03,$22,$12,$22,$22,$22,$05,$01,$bb,$22,$00,$02,$22,$22,$22,$22,$22,$22,$22,$22,$22,$05,$22,$22,$22,$22,$c9
0114+  4F99 13 22 03 22 
0114+  4F9D 12 22 22 22 
0114+  4FA1 05 01 BB 22 
0114+  4FA5 00 02 22 22 
0114+  4FA9 22 22 22 22 
0114+  4FAD 22 22 22 05 
0114+  4FB1 22 22 22 22 
0114+  4FB5 C9 
0115+  4FB6 22 22 22 22             DEFB $22,$22,$22,$22,$13,$22,$06,$22,$13,$22,$22,$22,$80,$16,$bb,$06,$2b,$02,$22,$22,$22,$22,$22,$22,$22,$22,$22,$05,$22,$22,$22,$22,$c9
0115+  4FBA 13 22 06 22 
0115+  4FBE 13 22 22 22 
0115+  4FC2 80 16 BB 06 
0115+  4FC6 2B 02 22 22 
0115+  4FCA 22 22 22 22 
0115+  4FCE 22 22 22 05 
0115+  4FD2 22 22 22 22 
0115+  4FD6 C9 
0116+  4FD7 22 22 22 22             DEFB $22,$22,$22,$22,$13,$22,$23,$22,$06,$22,$22,$22,$05,$02,$bb,$03,$22,$bb,$22,$22,$22,$22,$22,$22,$22,$22,$22,$05,$22,$22,$22,$22,$c9
0116+  4FDB 13 22 23 22 
0116+  4FDF 06 22 22 22 
0116+  4FE3 05 02 BB 03 
0116+  4FE7 22 BB 22 22 
0116+  4FEB 22 22 22 22 
0116+  4FEF 22 22 22 05 
0116+  4FF3 22 22 22 22 
0116+  4FF7 C9 
0117+  4FF8 22 22 22 22             DEFB $22,$22,$22,$22,$bb,$22,$bb,$22,$06,$22,$22,$22,$05,$22,$bb,$23,$22,$23,$22,$22,$22,$22,$22,$22,$22,$22,$22,$05,$22,$22,$22,$22,$c9
0117+  4FFC BB 22 BB 22 
0117+  5000 06 22 22 22 
0117+  5004 05 22 BB 23 
0117+  5008 22 23 22 22 
0117+  500C 22 22 22 22 
0117+  5010 22 22 22 05 
0117+  5014 22 22 22 22 
0117+  5018 C9 
0118+  5019 22 22 22 22             DEFB $22,$22,$22,$22,$12,$22,$bb,$22,$81,$22,$22,$22,$05,$22,$bb,$23,$22,$03,$22,$22,$22,$22,$22,$22,$22,$22,$22,$05,$22,$22,$22,$22,$c9
0118+  501D 12 22 BB 22 
0118+  5021 81 22 22 22 
0118+  5025 05 22 BB 23 
0118+  5029 22 03 22 22 
0118+  502D 22 22 22 22 
0118+  5031 22 22 22 05 
0118+  5035 22 22 22 22 
0118+  5039 C9 
0119+  503A 22 22 22 22             DEFB $22,$22,$22,$22,$05,$22,$02,$22,$81,$22,$81,$22,$05,$22,$bb,$bb,$22,$22,$2b,$22,$22,$22,$22,$22,$22,$22,$22,$05,$22,$22,$22,$22,$c9
0119+  503E 05 22 02 22 
0119+  5042 81 22 81 22 
0119+  5046 05 22 BB BB 
0119+  504A 22 22 2B 22 
0119+  504E 22 22 22 22 
0119+  5052 22 22 22 05 
0119+  5056 22 22 22 22 
0119+  505A C9 
0120+  505B 22 22 22 22             DEFB $22,$22,$22,$22,$29,$22,$02,$22,$ab,$22,$22,$00,$02,$22,$02,$bb,$22,$22,$05,$22,$22,$22,$22,$22,$22,$22,$22,$22,$22,$22,$22,$22,$c9
0120+  505F 29 22 02 22 
0120+  5063 AB 22 22 00 
0120+  5067 02 22 02 BB 
0120+  506B 22 22 05 22 
0120+  506F 22 22 22 22 
0120+  5073 22 22 22 22 
0120+  5077 22 22 22 22 
0120+  507B C9 
0121+  507C 22 22 22 22             DEFB $22,$22,$22,$22,$10,$22,$02,$ab,$2b,$22,$22,$05,$02,$22,$02,$02,$22,$22,$03,$22,$22,$22,$22,$22,$22,$22,$22,$22,$22,$22,$22,$22,$c9
0121+  5080 10 22 02 AB 
0121+  5084 2B 22 22 05 
0121+  5088 02 22 02 02 
0121+  508C 22 22 03 22 
0121+  5090 22 22 22 22 
0121+  5094 22 22 22 22 
0121+  5098 22 22 22 22 
0121+  509C C9 
0122+  509D 22 22 22 22             DEFB $22,$22,$22,$22,$12,$22,$80,$13,$22,$22,$22,$05,$bb,$22,$05,$02,$22,$22,$22,$01,$22,$22,$22,$22,$22,$22,$22,$29,$22,$22,$22,$22,$c9
0122+  50A1 12 22 80 13 
0122+  50A5 22 22 22 05 
0122+  50A9 BB 22 05 02 
0122+  50AD 22 22 22 01 
0122+  50B1 22 22 22 22 
0122+  50B5 22 22 22 29 
0122+  50B9 22 22 22 22 
0122+  50BD C9 
0123+  50BE 22 22 22 22             DEFB $22,$22,$22,$22,$89,$22,$02,$13,$22,$22,$22,$02,$23,$22,$29,$05,$22,$22,$22,$81,$a2,$22,$22,$22,$22,$22,$22,$29,$22,$22,$22,$22,$c9
0123+  50C2 89 22 02 13 
0123+  50C6 22 22 22 02 
0123+  50CA 23 22 29 05 
0123+  50CE 22 22 22 81 
0123+  50D2 A2 22 22 22 
0123+  50D6 22 22 22 29 
0123+  50DA 22 22 22 22 
0123+  50DE C9 
0124+  50DF 22 22 22 22             DEFB $22,$22,$22,$22,$29,$22,$02,$22,$81,$22,$22,$02,$03,$81,$2b,$05,$22,$22,$22,$22,$06,$80,$00,$22,$22,$22,$22,$29,$22,$22,$22,$22,$c9
0124+  50E3 29 22 02 22 
0124+  50E7 81 22 22 02 
0124+  50EB 03 81 2B 05 
0124+  50EF 22 22 22 22 
0124+  50F3 06 80 00 22 
0124+  50F7 22 22 22 29 
0124+  50FB 22 22 22 22 
0124+  50FF C9 
0125+  5100 22 22 22 22             DEFB $22,$22,$22,$22,$29,$22,$02,$22,$81,$22,$22,$05,$22,$a2,$22,$29,$22,$22,$22,$22,$81,$22,$03,$22,$22,$22,$22,$05,$22,$22,$22,$22,$c9
0125+  5104 29 22 02 22 
0125+  5108 81 22 22 05 
0125+  510C 22 A2 22 29 
0125+  5110 22 22 22 22 
0125+  5114 81 22 03 22 
0125+  5118 22 22 22 05 
0125+  511C 22 22 22 22 
0125+  5120 C9 
0126+  5121 22 22 22 22             DEFB $22,$22,$22,$22,$05,$22,$bb,$22,$81,$22,$22,$29,$22,$22,$22,$00,$22,$22,$22,$22,$81,$22,$22,$00,$22,$22,$22,$05,$22,$22,$22,$22,$c9
0126+  5125 05 22 BB 22 
0126+  5129 81 22 22 29 
0126+  512D 22 22 22 00 
0126+  5131 22 22 22 22 
0126+  5135 81 22 22 00 
0126+  5139 22 22 22 05 
0126+  513D 22 22 22 22 
0126+  5141 C9 
0127+  5142 22 22 22 22             DEFB $22,$22,$22,$22,$39,$22,$bb,$22,$06,$22,$22,$22,$22,$22,$22,$2b,$22,$22,$22,$22,$81,$2b,$22,$22,$22,$22,$22,$3a,$22,$22,$22,$22,$c9
0127+  5146 39 22 BB 22 
0127+  514A 06 22 22 22 
0127+  514E 22 22 22 2B 
0127+  5152 22 22 22 22 
0127+  5156 81 2B 22 22 
0127+  515A 22 22 22 3A 
0127+  515E 22 22 22 22 
0127+  5162 C9 
0128+  5163 22 22 22 22             DEFB $22,$22,$22,$22,$06,$22,$13,$22,$06,$22,$22,$02,$22,$22,$81,$22,$22,$22,$22,$22,$81,$29,$22,$22,$22,$22,$22,$3a,$22,$22,$22,$22,$c9
0128+  5167 06 22 13 22 
0128+  516B 06 22 22 02 
0128+  516F 22 22 81 22 
0128+  5173 22 22 22 22 
0128+  5177 81 29 22 22 
0128+  517B 22 22 22 3A 
0128+  517F 22 22 22 22 
0128+  5183 C9 
0129+  5184 22 22 22 22             DEFB $22,$22,$22,$22,$06,$22,$23,$22,$23,$22,$22,$13,$22,$22,$06,$22,$22,$22,$22,$22,$81,$10,$22,$22,$22,$22,$03,$3a,$22,$22,$22,$22,$c9
0129+  5188 06 22 23 22 
0129+  518C 23 22 22 13 
0129+  5190 22 22 06 22 
0129+  5194 22 22 22 22 
0129+  5198 81 10 22 22 
0129+  519C 22 22 03 3A 
0129+  51A0 22 22 22 22 
0129+  51A4 C9 
0130+  51A5 22 22 22 22             DEFB $22,$22,$22,$22,$81,$22,$03,$22,$bb,$22,$05,$12,$22,$22,$23,$22,$22,$22,$22,$22,$06,$ab,$3a,$22,$22,$22,$03,$3a,$22,$22,$22,$22,$c9
0130+  51A9 81 22 03 22 
0130+  51AD BB 22 05 12 
0130+  51B1 22 22 23 22 
0130+  51B5 22 22 22 22 
0130+  51B9 06 AB 3A 22 
0130+  51BD 22 22 03 3A 
0130+  51C1 22 22 22 22 
0130+  51C5 C9 
0131+  51C6 22 22 22 22             DEFB $22,$22,$22,$22,$22,$2b,$81,$2b,$05,$22,$80,$00,$22,$22,$13,$01,$22,$22,$22,$22,$06,$01,$22,$22,$22,$22,$80,$3a,$22,$22,$22,$22,$c9
0131+  51CA 22 2B 81 2B 
0131+  51CE 05 22 80 00 
0131+  51D2 22 22 13 01 
0131+  51D6 22 22 22 22 
0131+  51DA 06 01 22 22 
0131+  51DE 22 22 80 3A 
0131+  51E2 22 22 22 22 
0131+  51E6 C9 
0132+  51E7 22 22 22 22             DEFB $22,$22,$22,$22,$22,$29,$22,$0e,$00,$22,$22,$29,$22,$22,$12,$1e,$00,$22,$22,$22,$06,$a2,$00,$22,$22,$03,$a2,$3a,$22,$22,$22,$22,$c9
0132+  51EB 22 29 22 0E 
0132+  51EF 00 22 22 29 
0132+  51F3 22 22 12 1E 
0132+  51F7 00 22 22 22 
0132+  51FB 06 A2 00 22 
0132+  51FF 22 03 A2 3A 
0132+  5203 22 22 22 22 
0132+  5207 C9 
0133+  5208 22 22 22 22             DEFB $22,$22,$22,$22,$22,$05,$22,$13,$22,$22,$22,$2b,$22,$22,$05,$84,$13,$22,$22,$22,$06,$a2,$01,$22,$22,$80,$a2,$3a,$22,$22,$22,$22,$c9
0133+  520C 22 05 22 13 
0133+  5210 22 22 22 2B 
0133+  5214 22 22 05 84 
0133+  5218 13 22 22 22 
0133+  521C 06 A2 01 22 
0133+  5220 22 80 A2 3A 
0133+  5224 22 22 22 22 
0133+  5228 C9 
0134+  5229 22 22 22 22             DEFB $22,$22,$22,$22,$22,$02,$22,$22,$22,$22,$22,$22,$22,$22,$29,$29,$38,$00,$22,$22,$06,$a2,$a2,$a2,$a2,$a2,$a2,$3a,$22,$22,$22,$22,$c9
0134+  522D 22 02 22 22 
0134+  5231 22 22 22 22 
0134+  5235 22 22 29 29 
0134+  5239 38 00 22 22 
0134+  523D 06 A2 A2 A2 
0134+  5241 A2 A2 A2 3A 
0134+  5245 22 22 22 22 
0134+  5249 C9 
0135+  524A 22 22 22 22             DEFB $22,$22,$22,$22,$22,$bb,$22,$22,$22,$22,$22,$22,$22,$22,$2b,$22,$16,$16,$22,$22,$03,$a2,$a2,$a2,$a2,$a2,$a2,$21,$22,$22,$22,$22,$c9
0135+  524E 22 BB 22 22 
0135+  5252 22 22 22 22 
0135+  5256 22 22 2B 22 
0135+  525A 16 16 22 22 
0135+  525E 03 A2 A2 A2 
0135+  5262 A2 A2 A2 21 
0135+  5266 22 22 22 22 
0135+  526A C9 
0136+  526B 22 22 22 22             DEFB $22,$22,$22,$22,$22,$06,$22,$22,$22,$22,$22,$22,$22,$03,$22,$05,$03,$26,$22,$22,$23,$a2,$a2,$a2,$a2,$a2,$a2,$bb,$22,$22,$22,$22,$c9
0136+  526F 22 06 22 22 
0136+  5273 22 22 22 22 
0136+  5277 22 03 22 05 
0136+  527B 03 26 22 22 
0136+  527F 23 A2 A2 A2 
0136+  5283 A2 A2 A2 BB 
0136+  5287 22 22 22 22 
0136+  528B C9 
0137+  528C 22 22 22 22             DEFB $22,$22,$22,$22,$22,$03,$22,$22,$22,$22,$22,$22,$22,$06,$22,$02,$22,$16,$00,$22,$bb,$80,$a2,$a2,$a2,$a2,$01,$23,$22,$22,$22,$22,$c9
0137+  5290 22 03 22 22 
0137+  5294 22 22 22 22 
0137+  5298 22 06 22 02 
0137+  529C 22 16 00 22 
0137+  52A0 BB 80 A2 A2 
0137+  52A4 A2 A2 01 23 
0137+  52A8 22 22 22 22 
0137+  52AC C9 
0138+  52AD 22 22 22 22             DEFB $22,$22,$22,$22,$22,$22,$00,$22,$22,$22,$22,$22,$22,$bb,$22,$02,$22,$03,$3a,$22,$05,$ba,$a2,$a2,$a2,$a2,$3a,$23,$22,$22,$22,$22,$c9
0138+  52B1 22 22 00 22 
0138+  52B5 22 22 22 22 
0138+  52B9 22 BB 22 02 
0138+  52BD 22 03 3A 22 
0138+  52C1 05 BA A2 A2 
0138+  52C5 A2 A2 3A 23 
0138+  52C9 22 22 22 22 
0138+  52CD C9 
0139+  52CE 22 22 22 22             DEFB $22,$22,$22,$22,$22,$22,$05,$22,$22,$22,$22,$22,$22,$05,$22,$13,$80,$00,$02,$22,$29,$81,$a2,$a2,$a2,$a2,$00,$06,$22,$22,$22,$22,$c9
0139+  52D2 22 22 05 22 
0139+  52D6 22 22 22 22 
0139+  52DA 22 05 22 13 
0139+  52DE 80 00 02 22 
0139+  52E2 29 81 A2 A2 
0139+  52E6 A2 A2 00 06 
0139+  52EA 22 22 22 22 
0139+  52EE C9 
0140+  52EF 22 22 22 22             DEFB $22,$22,$22,$22,$22,$22,$12,$22,$22,$22,$22,$22,$22,$00,$22,$bb,$10,$03,$05,$81,$2b,$81,$80,$a2,$a2,$01,$22,$06,$22,$22,$22,$22,$c9
0140+  52F3 22 22 12 22 
0140+  52F7 22 22 22 22 
0140+  52FB 22 00 22 BB 
0140+  52FF 10 03 05 81 
0140+  5303 2B 81 80 A2 
0140+  5307 A2 01 22 06 
0140+  530B 22 22 22 22 
0140+  530F C9 
0141+  5310 22 22 22 22             DEFB $22,$22,$22,$22,$22,$22,$06,$22,$22,$22,$22,$22,$03,$22,$22,$06,$23,$18,$2b,$03,$22,$81,$81,$a2,$a2,$00,$22,$81,$22,$22,$22,$22,$c9
0141+  5314 22 22 06 22 
0141+  5318 22 22 22 22 
0141+  531C 03 22 22 06 
0141+  5320 23 18 2B 03 
0141+  5324 22 81 81 A2 
0141+  5328 A2 00 22 81 
0141+  532C 22 22 22 22 
0141+  5330 C9 
0142+  5331 22 22 22 22             DEFB $22,$22,$22,$22,$22,$22,$22,$00,$22,$22,$22,$22,$88,$22,$22,$a1,$13,$a4,$22,$13,$22,$22,$22,$22,$22,$22,$22,$81,$22,$22,$22,$22,$c9
0142+  5335 22 22 22 00 
0142+  5339 22 22 22 22 
0142+  533D 88 22 22 A1 
0142+  5341 13 A4 22 13 
0142+  5345 22 22 22 22 
0142+  5349 22 22 22 81 
0142+  534D 22 22 22 22 
0142+  5351 C9 
0143+  5352 22 22 22 22             DEFB $22,$22,$22,$22,$22,$22,$22,$16,$22,$22,$22,$22,$3a,$22,$22,$1a,$13,$a6,$22,$12,$22,$03,$22,$22,$22,$22,$22,$81,$22,$22,$22,$22,$c9
0143+  5356 22 22 22 16 
0143+  535A 22 22 22 22 
0143+  535E 3A 22 22 1A 
0143+  5362 13 A6 22 12 
0143+  5366 22 03 22 22 
0143+  536A 22 22 22 81 
0143+  536E 22 22 22 22 
0143+  5372 C9 
0144+  5373 22 22 22 22             DEFB $22,$22,$22,$22,$22,$22,$22,$ba,$2b,$22,$22,$03,$02,$22,$22,$1f,$07,$05,$22,$00,$29,$bb,$2b,$22,$22,$22,$22,$22,$2b,$22,$22,$22,$c9
0144+  5377 22 22 22 BA 
0144+  537B 2B 22 22 03 
0144+  537F 02 22 22 1F 
0144+  5383 07 05 22 00 
0144+  5387 29 BB 2B 22 
0144+  538B 22 22 22 22 
0144+  538F 2B 22 22 22 
0144+  5393 C9 
0145+  5394 22 22 22 22             DEFB $22,$22,$22,$22,$22,$22,$22,$22,$ab,$22,$81,$01,$13,$22,$22,$0c,$a2,$2b,$03,$2b,$29,$02,$29,$22,$22,$22,$22,$22,$2b,$22,$22,$22,$c9
0145+  5398 22 22 22 22 
0145+  539C AB 22 81 01 
0145+  53A0 13 22 22 0C 
0145+  53A4 A2 2B 03 2B 
0145+  53A8 29 02 29 22 
0145+  53AC 22 22 22 22 
0145+  53B0 2B 22 22 22 
0145+  53B4 C9 
0146+  53B5 22 22 22 22             DEFB $22,$22,$22,$22,$22,$22,$22,$22,$02,$ab,$3a,$80,$06,$22,$22,$0c,$22,$00,$88,$22,$2b,$02,$22,$22,$22,$22,$22,$22,$2b,$22,$22,$22,$c9
0146+  53B9 22 22 22 22 
0146+  53BD 02 AB 3A 80 
0146+  53C1 06 22 22 0C 
0146+  53C5 22 00 88 22 
0146+  53C9 2B 02 22 22 
0146+  53CD 22 22 22 22 
0146+  53D1 2B 22 22 22 
0146+  53D5 C9 
0147+  53D6 22 22 22 22             DEFB $22,$22,$22,$22,$22,$22,$22,$22,$02,$80,$2b,$80,$06,$22,$22,$05,$22,$02,$3a,$22,$22,$05,$05,$22,$22,$22,$22,$22,$2b,$22,$22,$22,$c9
0147+  53DA 22 22 22 22 
0147+  53DE 02 80 2B 80 
0147+  53E2 06 22 22 05 
0147+  53E6 22 02 3A 22 
0147+  53EA 22 05 05 22 
0147+  53EE 22 22 22 22 
0147+  53F2 2B 22 22 22 
0147+  53F6 C9 
0148+  53F7 22 22 22 22             DEFB $22,$22,$22,$22,$22,$22,$22,$22,$05,$03,$00,$80,$0c,$22,$22,$87,$22,$03,$22,$81,$22,$05,$05,$22,$22,$22,$22,$22,$2b,$22,$22,$22,$c9
0148+  53FB 22 22 22 22 
0148+  53FF 05 03 00 80 
0148+  5403 0C 22 22 87 
0148+  5407 22 03 22 81 
0148+  540B 22 05 05 22 
0148+  540F 22 22 22 22 
0148+  5413 2B 22 22 22 
0148+  5417 C9 
0149+  5418 22 22 22 22             DEFB $22,$22,$22,$22,$22,$22,$22,$22,$05,$03,$00,$03,$2b,$2b,$22,$02,$22,$22,$22,$81,$22,$22,$05,$22,$22,$22,$22,$22,$00,$22,$22,$22,$c9
0149+  541C 22 22 22 22 
0149+  5420 05 03 00 03 
0149+  5424 2B 2B 22 02 
0149+  5428 22 22 22 81 
0149+  542C 22 22 05 22 
0149+  5430 22 22 22 22 
0149+  5434 00 22 22 22 
0149+  5438 C9 
0150+  5439 22 22 22 22             DEFB $22,$22,$22,$22,$22,$22,$22,$22,$05,$ba,$85,$3c,$2b,$2b,$22,$02,$22,$22,$22,$06,$22,$02,$29,$22,$22,$22,$22,$22,$29,$22,$22,$22,$c9
0150+  543D 22 22 22 22 
0150+  5441 05 BA 85 3C 
0150+  5445 2B 2B 22 02 
0150+  5449 22 22 22 06 
0150+  544D 22 02 29 22 
0150+  5451 22 22 22 22 
0150+  5455 29 22 22 22 
0150+  5459 C9 
0151+  545A 22 22 22 22             DEFB $22,$22,$22,$22,$22,$22,$22,$22,$29,$03,$08,$0f,$2b,$29,$22,$1a,$22,$22,$22,$06,$22,$02,$00,$22,$22,$22,$22,$22,$29,$22,$22,$22,$c9
0151+  545E 22 22 22 22 
0151+  5462 29 03 08 0F 
0151+  5466 2B 29 22 1A 
0151+  546A 22 22 22 06 
0151+  546E 22 02 00 22 
0151+  5472 22 22 22 22 
0151+  5476 29 22 22 22 
0151+  547A C9 
0152+  547B 22 22 22 22             DEFB $22,$22,$22,$22,$22,$22,$22,$22,$29,$03,$2b,$09,$2b,$29,$22,$05,$94,$22,$22,$23,$22,$03,$22,$22,$22,$22,$22,$22,$29,$22,$22,$22,$c9
0152+  547F 22 22 22 22 
0152+  5483 29 03 2B 09 
0152+  5487 2B 29 22 05 
0152+  548B 94 22 22 23 
0152+  548F 22 03 22 22 
0152+  5493 22 22 22 22 
0152+  5497 29 22 22 22 
0152+  549B C9 
0153+  549C 22 22 22 22             DEFB $22,$22,$22,$22,$22,$22,$22,$22,$29,$81,$2b,$1a,$00,$22,$22,$22,$10,$22,$22,$23,$22,$22,$22,$22,$22,$22,$22,$22,$29,$22,$22,$22,$c9
0153+  54A0 22 22 22 22 
0153+  54A4 29 81 2B 1A 
0153+  54A8 00 22 22 22 
0153+  54AC 10 22 22 23 
0153+  54B0 22 22 22 22 
0153+  54B4 22 22 22 22 
0153+  54B8 29 22 22 22 
0153+  54BC C9 
0154+  54BD 22 22 22 22             DEFB $22,$22,$22,$22,$22,$22,$22,$22,$29,$22,$22,$16,$22,$05,$ba,$00,$02,$22,$22,$23,$22,$22,$22,$22,$22,$22,$22,$22,$29,$22,$22,$22,$c9
0154+  54C1 22 22 22 22 
0154+  54C5 29 22 22 16 
0154+  54C9 22 05 BA 00 
0154+  54CD 02 22 22 23 
0154+  54D1 22 22 22 22 
0154+  54D5 22 22 22 22 
0154+  54D9 29 22 22 22 
0154+  54DD C9 
0155+  54DE 22 22 22 22             DEFB $22,$22,$22,$22,$22,$22,$22,$22,$29,$22,$22,$05,$22,$05,$13,$05,$02,$22,$22,$bb,$22,$22,$22,$22,$22,$22,$22,$22,$29,$22,$22,$22,$c9
0155+  54E2 22 22 22 22 
0155+  54E6 29 22 22 05 
0155+  54EA 22 05 13 05 
0155+  54EE 02 22 22 BB 
0155+  54F2 22 22 22 22 
0155+  54F6 22 22 22 22 
0155+  54FA 29 22 22 22 
0155+  54FE C9 
0156+  54FF 22 22 22 22             DEFB $22,$22,$22,$22,$22,$22,$22,$22,$29,$22,$22,$05,$22,$22,$bb,$bb,$0a,$22,$22,$bb,$22,$22,$22,$22,$22,$06,$22,$22,$29,$22,$22,$22,$c9
0156+  5503 22 22 22 22 
0156+  5507 29 22 22 05 
0156+  550B 22 22 BB BB 
0156+  550F 0A 22 22 BB 
0156+  5513 22 22 22 22 
0156+  5517 22 06 22 22 
0156+  551B 29 22 22 22 
0156+  551F C9 
0157+  5520 22 22 22 22             DEFB $22,$22,$22,$22,$22,$22,$22,$22,$29,$22,$22,$05,$22,$29,$22,$ba,$96,$22,$22,$bb,$22,$22,$22,$22,$22,$06,$22,$22,$29,$22,$22,$22,$c9
0157+  5524 22 22 22 22 
0157+  5528 29 22 22 05 
0157+  552C 22 29 22 BA 
0157+  5530 96 22 22 BB 
0157+  5534 22 22 22 22 
0157+  5538 22 06 22 22 
0157+  553C 29 22 22 22 
0157+  5540 C9 
0158+  5541 22 22 22 22             DEFB $22,$22,$22,$22,$22,$22,$22,$22,$29,$22,$22,$10,$22,$29,$bb,$23,$22,$22,$22,$02,$22,$22,$22,$22,$22,$06,$22,$22,$29,$22,$22,$22,$c9
0158+  5545 22 22 22 22 
0158+  5549 29 22 22 10 
0158+  554D 22 29 BB 23 
0158+  5551 22 22 22 02 
0158+  5555 22 22 22 22 
0158+  5559 22 06 22 22 
0158+  555D 29 22 22 22 
0158+  5561 C9 
0159+  5562 22 22 22 22             DEFB $22,$22,$22,$22,$22,$22,$22,$22,$29,$22,$22,$00,$22,$29,$bb,$0c,$22,$22,$22,$02,$22,$22,$22,$22,$22,$06,$22,$22,$29,$22,$22,$22,$c9
0159+  5566 22 22 22 22 
0159+  556A 29 22 22 00 
0159+  556E 22 29 BB 0C 
0159+  5572 22 22 22 02 
0159+  5576 22 22 22 22 
0159+  557A 22 06 22 22 
0159+  557E 29 22 22 22 
0159+  5582 C9 
0160+  5583 22 22 22 22             DEFB $22,$22,$22,$22,$22,$22,$22,$22,$23,$22,$81,$2b,$22,$2b,$06,$0c,$22,$22,$22,$02,$22,$22,$22,$22,$22,$06,$22,$22,$29,$22,$22,$22,$c9
0160+  5587 22 22 22 22 
0160+  558B 23 22 81 2B 
0160+  558F 22 2B 06 0C 
0160+  5593 22 22 22 02 
0160+  5597 22 22 22 22 
0160+  559B 22 06 22 22 
0160+  559F 29 22 22 22 
0160+  55A3 C9 
0161+  55A4 22 22 22 22             DEFB $22,$22,$22,$22,$22,$22,$22,$22,$09,$22,$03,$05,$81,$22,$81,$1b,$22,$22,$22,$02,$22,$22,$22,$22,$22,$06,$22,$22,$29,$22,$22,$22,$c9
0161+  55A8 22 22 22 22 
0161+  55AC 09 22 03 05 
0161+  55B0 81 22 81 1B 
0161+  55B4 22 22 22 02 
0161+  55B8 22 22 22 22 
0161+  55BC 22 06 22 22 
0161+  55C0 29 22 22 22 
0161+  55C4 C9 
0162+  55C5 22 22 22 22             DEFB $22,$22,$22,$22,$22,$22,$22,$22,$29,$00,$03,$00,$03,$22,$22,$03,$22,$22,$22,$02,$22,$22,$22,$22,$22,$06,$22,$22,$29,$22,$22,$22,$c9
0162+  55C9 22 22 22 22 
0162+  55CD 29 00 03 00 
0162+  55D1 03 22 22 03 
0162+  55D5 22 22 22 02 
0162+  55D9 22 22 22 22 
0162+  55DD 22 06 22 22 
0162+  55E1 29 22 22 22 
0162+  55E5 C9 
0163+  55E6 22 22 22 22             DEFB $22,$22,$22,$22,$22,$22,$22,$22,$29,$16,$ab,$3a,$88,$22,$81,$93,$08,$2b,$22,$22,$22,$22,$22,$22,$22,$06,$22,$22,$29,$22,$22,$22,$c9
0163+  55EA 22 22 22 22 
0163+  55EE 29 16 AB 3A 
0163+  55F2 88 22 81 93 
0163+  55F6 08 2B 22 22 
0163+  55FA 22 22 22 22 
0163+  55FE 22 06 22 22 
0163+  5602 29 22 22 22 
0163+  5606 C9 
0164+  5607 22 22 22 22             DEFB $22,$22,$22,$22,$22,$22,$22,$22,$ab,$3a,$ab,$a2,$01,$22,$12,$06,$22,$a2,$a2,$00,$22,$22,$22,$22,$22,$06,$22,$22,$29,$22,$22,$22,$c9
0164+  560B 22 22 22 22 
0164+  560F AB 3A AB A2 
0164+  5613 01 22 12 06 
0164+  5617 22 A2 A2 00 
0164+  561B 22 22 22 22 
0164+  561F 22 06 22 22 
0164+  5623 29 22 22 22 
0164+  5627 C9 
0165+  5628 22 22 22 22             DEFB $22,$22,$22,$22,$22,$22,$22,$22,$ab,$a2,$a2,$a2,$01,$22,$02,$81,$22,$22,$22,$22,$22,$22,$22,$22,$22,$22,$22,$22,$29,$22,$22,$22,$c9
0165+  562C 22 22 22 22 
0165+  5630 AB A2 A2 A2 
0165+  5634 01 22 02 81 
0165+  5638 22 22 22 22 
0165+  563C 22 22 22 22 
0165+  5640 22 22 22 22 
0165+  5644 29 22 22 22 
0165+  5648 C9 
0166+  5649 22 22 22 22             DEFB $22,$22,$22,$22,$22,$22,$22,$22,$ab,$a2,$a2,$a2,$01,$22,$13,$22,$00,$22,$22,$22,$22,$22,$22,$22,$22,$23,$22,$22,$29,$22,$22,$22,$c9
0166+  564D 22 22 22 22 
0166+  5651 AB A2 A2 A2 
0166+  5655 01 22 13 22 
0166+  5659 00 22 22 22 
0166+  565D 22 22 22 22 
0166+  5661 22 23 22 22 
0166+  5665 29 22 22 22 
0166+  5669 C9 
0167+  566A 22 22 22 22             DEFB $22,$22,$22,$22,$22,$22,$22,$22,$ab,$a2,$a2,$a2,$01,$22,$03,$22,$05,$22,$22,$22,$22,$22,$22,$22,$22,$23,$22,$22,$29,$22,$22,$22,$c9
0167+  566E 22 22 22 22 
0167+  5672 AB A2 A2 A2 
0167+  5676 01 22 03 22 
0167+  567A 05 22 22 22 
0167+  567E 22 22 22 22 
0167+  5682 22 23 22 22 
0167+  5686 29 22 22 22 
0167+  568A C9 
0168+  568B 22 22 22 22             DEFB $22,$22,$22,$22,$22,$22,$22,$22,$ab,$a2,$a2,$a2,$01,$22,$22,$00,$02,$22,$22,$22,$22,$22,$22,$22,$22,$22,$22,$22,$29,$22,$22,$22,$c9
0168+  568F 22 22 22 22 
0168+  5693 AB A2 A2 A2 
0168+  5697 01 22 22 00 
0168+  569B 02 22 22 22 
0168+  569F 22 22 22 22 
0168+  56A3 22 22 22 22 
0168+  56A7 29 22 22 22 
0168+  56AB C9 
0169+  56AC 22 22 22 22             DEFB $22,$22,$22,$22,$22,$22,$22,$22,$ab,$a2,$a2,$a2,$01,$22,$22,$16,$bb,$22,$22,$22,$22,$22,$22,$22,$22,$22,$22,$22,$29,$22,$22,$22,$c9
0169+  56B0 22 22 22 22 
0169+  56B4 AB A2 A2 A2 
0169+  56B8 01 22 22 16 
0169+  56BC BB 22 22 22 
0169+  56C0 22 22 22 22 
0169+  56C4 22 22 22 22 
0169+  56C8 29 22 22 22 
0169+  56CC C9 
0170+  56CD 22 22 22 22             DEFB $22,$22,$22,$22,$22,$22,$22,$22,$ab,$a2,$a2,$a2,$01,$22,$22,$03,$3a,$22,$22,$22,$22,$22,$22,$22,$22,$22,$22,$22,$2b,$22,$22,$22,$c9
0170+  56D1 22 22 22 22 
0170+  56D5 AB A2 A2 A2 
0170+  56D9 01 22 22 03 
0170+  56DD 3A 22 22 22 
0170+  56E1 22 22 22 22 
0170+  56E5 22 22 22 22 
0170+  56E9 2B 22 22 22 
0170+  56ED C9 
0171+  56EE 22 22 22 22             DEFB $22,$22,$22,$22,$22,$22,$22,$22,$ab,$a2,$a2,$a2,$01,$22,$22,$22,$22,$22,$22,$22,$22,$22,$22,$22,$22,$22,$22,$22,$22,$22,$22,$22,$c9
0171+  56F2 22 22 22 22 
0171+  56F6 AB A2 A2 A2 
0171+  56FA 01 22 22 22 
0171+  56FE 22 22 22 22 
0171+  5702 22 22 22 22 
0171+  5706 22 22 22 22 
0171+  570A 22 22 22 22 
0171+  570E C9 
0172+  570F 22 22 22 22             DEFB $22,$22,$22,$22,$22,$22,$22,$22,$ab,$a2,$a2,$a2,$3a,$22,$22,$22,$22,$22,$22,$22,$22,$22,$22,$22,$22,$22,$22,$22,$22,$22,$22,$22,$c9
0172+  5713 22 22 22 22 
0172+  5717 AB A2 A2 A2 
0172+  571B 3A 22 22 22 
0172+  571F 22 22 22 22 
0172+  5723 22 22 22 22 
0172+  5727 22 22 22 22 
0172+  572B 22 22 22 22 
0172+  572F C9 
0173+  5730 22 22 22 22             DEFB $22,$22,$22,$22,$22,$22,$22,$22,$ab,$a2,$a2,$a2,$3a,$22,$22,$22,$22,$22,$22,$22,$22,$22,$22,$22,$22,$22,$22,$22,$22,$22,$22,$22,$c9
0173+  5734 22 22 22 22 
0173+  5738 AB A2 A2 A2 
0173+  573C 3A 22 22 22 
0173+  5740 22 22 22 22 
0173+  5744 22 22 22 22 
0173+  5748 22 22 22 22 
0173+  574C 22 22 22 22 
0173+  5750 C9 
0174+  5751 22 22 22 22             DEFB $22,$22,$22,$22,$22,$22,$22,$22,$22,$22,$22,$22,$22,$22,$22,$22,$22,$22,$22,$22,$22,$22,$22,$22,$22,$22,$22,$22,$22,$22,$22,$22,$c9
0174+  5755 22 22 22 22 
0174+  5759 22 22 22 22 
0174+  575D 22 22 22 22 
0174+  5761 22 22 22 22 
0174+  5765 22 22 22 22 
0174+  5769 22 22 22 22 
0174+  576D 22 22 22 22 
0174+  5771 C9 
0175+  5772 22 22 22 22             DEFB $22,$22,$22,$22,$22,$22,$22,$22,$22,$22,$22,$22,$22,$22,$22,$22,$22,$22,$22,$22,$22,$22,$22,$22,$22,$22,$22,$22,$22,$22,$22,$22,$c9
0175+  5776 22 22 22 22 
0175+  577A 22 22 22 22 
0175+  577E 22 22 22 22 
0175+  5782 22 22 22 22 
0175+  5786 22 22 22 22 
0175+  578A 22 22 22 22 
0175+  578E 22 22 22 22 
0175+  5792 C9 
0176+  5793 22 22 22 22             DEFB $22,$22,$22,$22,$22,$22,$22,$22,$22,$22,$22,$22,$22,$22,$22,$22,$22,$22,$22,$22,$22,$22,$22,$22,$22,$22,$22,$22,$22,$22,$22,$22,$c9
0176+  5797 22 22 22 22 
0176+  579B 22 22 22 22 
0176+  579F 22 22 22 22 
0176+  57A3 22 22 22 22 
0176+  57A7 22 22 22 22 
0176+  57AB 22 22 22 22 
0176+  57AF 22 22 22 22 
0176+  57B3 C9 
0177+  57B4 22 22 22 22             DEFB $22,$22,$22,$22,$22,$22,$22,$22,$22,$22,$22,$22,$22,$22,$22,$22,$22,$22,$22,$22,$22,$22,$22,$22,$22,$22,$22,$22,$22,$22,$22,$22,$c9
0177+  57B8 22 22 22 22 
0177+  57BC 22 22 22 22 
0177+  57C0 22 22 22 22 
0177+  57C4 22 22 22 22 
0177+  57C8 22 22 22 22 
0177+  57CC 22 22 22 22 
0177+  57D0 22 22 22 22 
0177+  57D4 C9 
0178+  57D5 22 22 22 22             DEFB $22,$22,$22,$22,$22,$22,$22,$22,$22,$22,$22,$22,$22,$22,$22,$22,$22,$22,$22,$22,$22,$22,$22,$22,$22,$22,$22,$22,$22,$22,$22,$22,$c9
0178+  57D9 22 22 22 22 
0178+  57DD 22 22 22 22 
0178+  57E1 22 22 22 22 
0178+  57E5 22 22 22 22 
0178+  57E9 22 22 22 22 
0178+  57ED 22 22 22 22 
0178+  57F1 22 22 22 22 
0178+  57F5 C9 
0179+  57F6 22 22 22 22             DEFB $22,$22,$22,$22,$22,$22,$22,$22,$22,$22,$22,$22,$22,$22,$22,$22,$22,$22,$22,$22,$22,$22,$22,$22,$22,$22,$22,$22,$22,$22,$22,$22,$c9
0179+  57FA 22 22 22 22 
0179+  57FE 22 22 22 22 
0179+  5802 22 22 22 22 
0179+  5806 22 22 22 22 
0179+  580A 22 22 22 22 
0179+  580E 22 22 22 22 
0179+  5812 22 22 22 22 
0179+  5816 C9 
0180+  5817 22 22 22 22             DEFB $22,$22,$22,$22,$22,$22,$22,$22,$22,$22,$22,$22,$22,$22,$22,$22,$22,$22,$22,$22,$22,$22,$22,$22,$22,$22,$22,$22,$22,$22,$22,$22,$c9
0180+  581B 22 22 22 22 
0180+  581F 22 22 22 22 
0180+  5823 22 22 22 22 
0180+  5827 22 22 22 22 
0180+  582B 22 22 22 22 
0180+  582F 22 22 22 22 
0180+  5833 22 22 22 22 
0180+  5837 C9 
0181+  5838 22 22 22 22             DEFB $22,$22,$22,$22,$22,$22,$22,$22,$22,$22,$22,$22,$22,$22,$22,$22,$22,$22,$22,$22,$22,$22,$22,$22,$22,$22,$22,$22,$22,$22,$22,$22,$c9
0181+  583C 22 22 22 22 
0181+  5840 22 22 22 22 
0181+  5844 22 22 22 22 
0181+  5848 22 22 22 22 
0181+  584C 22 22 22 22 
0181+  5850 22 22 22 22 
0181+  5854 22 22 22 22 
0181+  5858 C9 
0182+  5859 22 22 22 22             DEFB $22,$22,$22,$22,$22,$22,$22,$22,$22,$22,$22,$22,$22,$22,$22,$22,$22,$22,$22,$22,$22,$22,$22,$22,$22,$22,$22,$22,$22,$22,$22,$22,$c9
0182+  585D 22 22 22 22 
0182+  5861 22 22 22 22 
0182+  5865 22 22 22 22 
0182+  5869 22 22 22 22 
0182+  586D 22 22 22 22 
0182+  5871 22 22 22 22 
0182+  5875 22 22 22 22 
0182+  5879 C9 
0183+  587A 22 22 22 22             DEFB $22,$22,$22,$22,$22,$22,$22,$22,$22,$22,$22,$22,$22,$22,$22,$22,$22,$22,$22,$22,$22,$22,$22,$22,$22,$22,$22,$22,$22,$22,$22,$22,$c9
0183+  587E 22 22 22 22 
0183+  5882 22 22 22 22 
0183+  5886 22 22 22 22 
0183+  588A 22 22 22 22 
0183+  588E 22 22 22 22 
0183+  5892 22 22 22 22 
0183+  5896 22 22 22 22 
0183+  589A C9 
0184+  589B 22 22 22 22             DEFB $22,$22,$22,$22,$22,$22,$22,$22,$22,$22,$22,$22,$22,$22,$22,$22,$22,$22,$22,$22,$22,$22,$22,$22,$22,$22,$22,$22,$22,$22,$22,$22,$c9
0184+  589F 22 22 22 22 
0184+  58A3 22 22 22 22 
0184+  58A7 22 22 22 22 
0184+  58AB 22 22 22 22 
0184+  58AF 22 22 22 22 
0184+  58B3 22 22 22 22 
0184+  58B7 22 22 22 22 
0184+  58BB C9 
0185+  58BC 22 22 22 22             DEFB $22,$22,$22,$22,$22,$22,$22,$22,$22,$22,$22,$22,$22,$22,$22,$22,$22,$22,$22,$22,$22,$22,$22,$22,$22,$22,$22,$22,$22,$22,$22,$22,$c9
0185+  58C0 22 22 22 22 
0185+  58C4 22 22 22 22 
0185+  58C8 22 22 22 22 
0185+  58CC 22 22 22 22 
0185+  58D0 22 22 22 22 
0185+  58D4 22 22 22 22 
0185+  58D8 22 22 22 22 
0185+  58DC C9 
0186+  58DD 22 22 22 22             DEFB $22,$22,$22,$22,$22,$22,$22,$22,$22,$22,$22,$22,$22,$22,$22,$22,$22,$22,$22,$22,$22,$22,$22,$22,$22,$22,$22,$22,$22,$22,$22,$22,$c9
0186+  58E1 22 22 22 22 
0186+  58E5 22 22 22 22 
0186+  58E9 22 22 22 22 
0186+  58ED 22 22 22 22 
0186+  58F1 22 22 22 22 
0186+  58F5 22 22 22 22 
0186+  58F9 22 22 22 22 
0186+  58FD C9 
0187+  58FE 22 22 22 22             DEFB $22,$22,$22,$22,$22,$22,$22,$22,$22,$22,$22,$22,$22,$22,$22,$22,$22,$22,$22,$22,$22,$22,$22,$22,$22,$22,$22,$22,$22,$22,$22,$22,$c9
0187+  5902 22 22 22 22 
0187+  5906 22 22 22 22 
0187+  590A 22 22 22 22 
0187+  590E 22 22 22 22 
0187+  5912 22 22 22 22 
0187+  5916 22 22 22 22 
0187+  591A 22 22 22 22 
0187+  591E C9 
0188+  591F 22 22 22 22             DEFB $22,$22,$22,$22,$22,$22,$22,$22,$22,$22,$22,$22,$22,$22,$22,$22,$22,$22,$22,$22,$22,$22,$22,$22,$22,$22,$22,$22,$22,$22,$22,$22,$c9
0188+  5923 22 22 22 22 
0188+  5927 22 22 22 22 
0188+  592B 22 22 22 22 
0188+  592F 22 22 22 22 
0188+  5933 22 22 22 22 
0188+  5937 22 22 22 22 
0188+  593B 22 22 22 22 
0188+  593F C9 
0189+  5940 22 22 22 22             DEFB $22,$22,$22,$22,$22,$22,$22,$22,$22,$22,$22,$22,$22,$22,$22,$22,$22,$22,$22,$22,$22,$22,$22,$22,$22,$22,$22,$22,$22,$22,$22,$22,$c9
0189+  5944 22 22 22 22 
0189+  5948 22 22 22 22 
0189+  594C 22 22 22 22 
0189+  5950 22 22 22 22 
0189+  5954 22 22 22 22 
0189+  5958 22 22 22 22 
0189+  595C 22 22 22 22 
0189+  5960 C9 
0190+  5961 22 22 22 22             DEFB $22,$22,$22,$22,$22,$22,$22,$22,$22,$22,$22,$22,$22,$22,$22,$22,$22,$22,$22,$22,$22,$22,$22,$22,$22,$22,$22,$22,$22,$22,$22,$22,$c9
0190+  5965 22 22 22 22 
0190+  5969 22 22 22 22 
0190+  596D 22 22 22 22 
0190+  5971 22 22 22 22 
0190+  5975 22 22 22 22 
0190+  5979 22 22 22 22 
0190+  597D 22 22 22 22 
0190+  5981 C9 
0191+  5982 22 22 22 22             DEFB $22,$22,$22,$22,$22,$22,$22,$22,$22,$22,$22,$22,$22,$22,$22,$22,$22,$22,$22,$22,$22,$22,$22,$22,$22,$22,$22,$22,$22,$22,$22,$22,$c9
0191+  5986 22 22 22 22 
0191+  598A 22 22 22 22 
0191+  598E 22 22 22 22 
0191+  5992 22 22 22 22 
0191+  5996 22 22 22 22 
0191+  599A 22 22 22 22 
0191+  599E 22 22 22 22 
0191+  59A2 C9 
0192+  59A3 22 22 22 22             DEFB $22,$22,$22,$22,$22,$22,$22,$22,$22,$22,$22,$22,$22,$22,$22,$22,$22,$22,$22,$22,$22,$22,$22,$22,$22,$22,$22,$22,$22,$22,$22,$22,$c9
0192+  59A7 22 22 22 22 
0192+  59AB 22 22 22 22 
0192+  59AF 22 22 22 22 
0192+  59B3 22 22 22 22 
0192+  59B7 22 22 22 22 
0192+  59BB 22 22 22 22 
0192+  59BF 22 22 22 22 
0192+  59C3 C9 
0193+  59C4 22 22 22 22             DEFB $22,$22,$22,$22,$22,$22,$22,$22,$22,$22,$22,$22,$22,$22,$22,$22,$22,$22,$22,$22,$22,$22,$22,$22,$22,$22,$22,$22,$22,$22,$22,$22,$c9
0193+  59C8 22 22 22 22 
0193+  59CC 22 22 22 22 
0193+  59D0 22 22 22 22 
0193+  59D4 22 22 22 22 
0193+  59D8 22 22 22 22 
0193+  59DC 22 22 22 22 
0193+  59E0 22 22 22 22 
0193+  59E4 C9 
0194+  59E5 22 22 22 22             DEFB $22,$22,$22,$22,$22,$22,$22,$22,$22,$22,$22,$22,$22,$22,$22,$22,$22,$22,$22,$22,$22,$22,$22,$22,$22,$22,$22,$22,$22,$22,$22,$22,$c9
0194+  59E9 22 22 22 22 
0194+  59ED 22 22 22 22 
0194+  59F1 22 22 22 22 
0194+  59F5 22 22 22 22 
0194+  59F9 22 22 22 22 
0194+  59FD 22 22 22 22 
0194+  5A01 22 22 22 22 
0194+  5A05 C9 
0195+  5A06 22 22 22 22             DEFB $22,$22,$22,$22,$22,$22,$22,$22,$22,$22,$22,$22,$22,$22,$22,$22,$22,$22,$22,$22,$22,$22,$22,$22,$22,$22,$22,$22,$22,$22,$22,$22,$c9
0195+  5A0A 22 22 22 22 
0195+  5A0E 22 22 22 22 
0195+  5A12 22 22 22 22 
0195+  5A16 22 22 22 22 
0195+  5A1A 22 22 22 22 
0195+  5A1E 22 22 22 22 
0195+  5A22 22 22 22 22 
0195+  5A26 C9 
0196+  5A27 22 22 22 22             DEFB $22,$22,$22,$22,$22,$22,$22,$22,$22,$22,$22,$22,$22,$22,$22,$22,$22,$22,$22,$22,$22,$22,$22,$22,$22,$22,$22,$22,$22,$22,$22,$22,$c9
0196+  5A2B 22 22 22 22 
0196+  5A2F 22 22 22 22 
0196+  5A33 22 22 22 22 
0196+  5A37 22 22 22 22 
0196+  5A3B 22 22 22 22 
0196+  5A3F 22 22 22 22 
0196+  5A43 22 22 22 22 
0196+  5A47 C9 
0197+  5A48 22 22 22 22             DEFB $22,$22,$22,$22,$22,$22,$22,$22,$22,$22,$22,$22,$22,$22,$22,$22,$22,$22,$22,$22,$22,$22,$22,$22,$22,$22,$22,$22,$22,$22,$22,$22,$c9
0197+  5A4C 22 22 22 22 
0197+  5A50 22 22 22 22 
0197+  5A54 22 22 22 22 
0197+  5A58 22 22 22 22 
0197+  5A5C 22 22 22 22 
0197+  5A60 22 22 22 22 
0197+  5A64 22 22 22 22 
0197+  5A68 C9 
0198+  5A69 22 22 22 22             DEFB $22,$22,$22,$22,$22,$22,$22,$22,$22,$22,$22,$22,$22,$22,$22,$22,$22,$22,$22,$22,$22,$22,$22,$22,$22,$22,$22,$22,$22,$22,$22,$22,$c9
0198+  5A6D 22 22 22 22 
0198+  5A71 22 22 22 22 
0198+  5A75 22 22 22 22 
0198+  5A79 22 22 22 22 
0198+  5A7D 22 22 22 22 
0198+  5A81 22 22 22 22 
0198+  5A85 22 22 22 22 
0198+  5A89 C9 
0199+  5A8A 22 22 22 22             DEFB $22,$22,$22,$22,$22,$22,$22,$22,$22,$22,$22,$22,$22,$22,$22,$22,$22,$22,$22,$22,$22,$22,$22,$22,$22,$22,$22,$22,$22,$22,$22,$22,$c9
0199+  5A8E 22 22 22 22 
0199+  5A92 22 22 22 22 
0199+  5A96 22 22 22 22 
0199+  5A9A 22 22 22 22 
0199+  5A9E 22 22 22 22 
0199+  5AA2 22 22 22 22 
0199+  5AA6 22 22 22 22 
0199+  5AAA C9 
0200+  5AAB 22 22 22 22             DEFB $22,$22,$22,$22,$22,$22,$22,$22,$22,$22,$22,$22,$22,$22,$22,$22,$22,$22,$22,$22,$22,$22,$22,$22,$22,$22,$22,$22,$22,$22,$22,$22,$c9
0200+  5AAF 22 22 22 22 
0200+  5AB3 22 22 22 22 
0200+  5AB7 22 22 22 22 
0200+  5ABB 22 22 22 22 
0200+  5ABF 22 22 22 22 
0200+  5AC3 22 22 22 22 
0200+  5AC7 22 22 22 22 
0200+  5ACB C9 
0201+  5ACC 22 22 22 22             DEFB $22,$22,$22,$22,$22,$22,$22,$22,$22,$22,$22,$22,$22,$22,$22,$22,$22,$22,$22,$22,$22,$22,$22,$22,$22,$22,$22,$22,$22,$22,$22,$22,$c9
0201+  5AD0 22 22 22 22 
0201+  5AD4 22 22 22 22 
0201+  5AD8 22 22 22 22 
0201+  5ADC 22 22 22 22 
0201+  5AE0 22 22 22 22 
0201+  5AE4 22 22 22 22 
0201+  5AE8 22 22 22 22 
0201+  5AEC C9 
0202+  5AED 22 22 22 22             DEFB $22,$22,$22,$22,$22,$22,$22,$22,$22,$22,$22,$22,$22,$22,$22,$22,$22,$22,$22,$22,$22,$22,$22,$22,$22,$22,$22,$22,$22,$22,$22,$22,$c9
0202+  5AF1 22 22 22 22 
0202+  5AF5 22 22 22 22 
0202+  5AF9 22 22 22 22 
0202+  5AFD 22 22 22 22 
0202+  5B01 22 22 22 22 
0202+  5B05 22 22 22 22 
0202+  5B09 22 22 22 22 
0202+  5B0D C9 
0203+  5B0E 22 22 22 22             DEFB $22,$22,$22,$22,$22,$22,$22,$22,$22,$22,$22,$22,$22,$22,$22,$22,$22,$22,$22,$22,$22,$22,$22,$22,$22,$22,$22,$22,$22,$22,$22,$22,$c9
0203+  5B12 22 22 22 22 
0203+  5B16 22 22 22 22 
0203+  5B1A 22 22 22 22 
0203+  5B1E 22 22 22 22 
0203+  5B22 22 22 22 22 
0203+  5B26 22 22 22 22 
0203+  5B2A 22 22 22 22 
0203+  5B2E C9 
0204+  5B2F 22 22 22 22             DEFB $22,$22,$22,$22,$22,$22,$22,$22,$22,$22,$22,$22,$22,$22,$22,$22,$22,$22,$22,$22,$22,$22,$22,$22,$22,$22,$22,$22,$22,$22,$22,$22,$c9
0204+  5B33 22 22 22 22 
0204+  5B37 22 22 22 22 
0204+  5B3B 22 22 22 22 
0204+  5B3F 22 22 22 22 
0204+  5B43 22 22 22 22 
0204+  5B47 22 22 22 22 
0204+  5B4B 22 22 22 22 
0204+  5B4F C9 
0205+  5B50 22 22 22 22             DEFB $22,$22,$22,$22,$22,$22,$22,$22,$22,$22,$22,$22,$22,$22,$22,$22,$22,$22,$22,$22,$22,$22,$22,$22,$22,$22,$22,$22,$22,$22,$22,$22,$c9
0205+  5B54 22 22 22 22 
0205+  5B58 22 22 22 22 
0205+  5B5C 22 22 22 22 
0205+  5B60 22 22 22 22 
0205+  5B64 22 22 22 22 
0205+  5B68 22 22 22 22 
0205+  5B6C 22 22 22 22 
0205+  5B70 C9 
0206+  5B71 22 22 22 22             DEFB $22,$22,$22,$22,$22,$22,$22,$22,$22,$22,$22,$22,$22,$22,$22,$22,$22,$22,$22,$22,$22,$22,$22,$22,$22,$22,$22,$22,$22,$22,$22,$22,$c9
0206+  5B75 22 22 22 22 
0206+  5B79 22 22 22 22 
0206+  5B7D 22 22 22 22 
0206+  5B81 22 22 22 22 
0206+  5B85 22 22 22 22 
0206+  5B89 22 22 22 22 
0206+  5B8D 22 22 22 22 
0206+  5B91 C9 
0207+  5B92 22 22 22 22             DEFB $22,$22,$22,$22,$22,$22,$22,$22,$22,$22,$22,$22,$22,$22,$22,$22,$22,$22,$22,$22,$22,$22,$22,$22,$22,$22,$22,$22,$22,$22,$22,$22,$c9
0207+  5B96 22 22 22 22 
0207+  5B9A 22 22 22 22 
0207+  5B9E 22 22 22 22 
0207+  5BA2 22 22 22 22 
0207+  5BA6 22 22 22 22 
0207+  5BAA 22 22 22 22 
0207+  5BAE 22 22 22 22 
0207+  5BB2 C9 
0208+  5BB3 22 22 22 22             DEFB $22,$22,$22,$22,$22,$22,$22,$22,$22,$22,$22,$22,$22,$22,$22,$22,$22,$22,$22,$22,$22,$22,$22,$22,$22,$22,$22,$22,$22,$22,$22,$22,$c9
0208+  5BB7 22 22 22 22 
0208+  5BBB 22 22 22 22 
0208+  5BBF 22 22 22 22 
0208+  5BC3 22 22 22 22 
0208+  5BC7 22 22 22 22 
0208+  5BCB 22 22 22 22 
0208+  5BCF 22 22 22 22 
0208+  5BD3 C9 
0209+  5BD4 22 22 22 22             DEFB $22,$22,$22,$22,$22,$22,$22,$22,$22,$22,$22,$22,$22,$22,$22,$22,$22,$22,$22,$22,$22,$22,$22,$22,$22,$22,$22,$22,$22,$22,$22,$22,$c9
0209+  5BD8 22 22 22 22 
0209+  5BDC 22 22 22 22 
0209+  5BE0 22 22 22 22 
0209+  5BE4 22 22 22 22 
0209+  5BE8 22 22 22 22 
0209+  5BEC 22 22 22 22 
0209+  5BF0 22 22 22 22 
0209+  5BF4 C9 
0210+  5BF5 22 22 22 22             DEFB $22,$22,$22,$22,$22,$22,$22,$22,$22,$22,$22,$22,$22,$22,$22,$22,$22,$22,$22,$22,$22,$22,$22,$22,$22,$22,$22,$22,$22,$22,$22,$22,$c9
0210+  5BF9 22 22 22 22 
0210+  5BFD 22 22 22 22 
0210+  5C01 22 22 22 22 
0210+  5C05 22 22 22 22 
0210+  5C09 22 22 22 22 
0210+  5C0D 22 22 22 22 
0210+  5C11 22 22 22 22 
0210+  5C15 C9 
0211+  5C16 22 22 22 22             DEFB $22,$22,$22,$22,$22,$22,$22,$22,$22,$22,$22,$22,$22,$22,$22,$22,$22,$22,$22,$22,$22,$22,$22,$22,$22,$22,$22,$22,$22,$22,$22,$22,$c9
0211+  5C1A 22 22 22 22 
0211+  5C1E 22 22 22 22 
0211+  5C22 22 22 22 22 
0211+  5C26 22 22 22 22 
0211+  5C2A 22 22 22 22 
0211+  5C2E 22 22 22 22 
0211+  5C32 22 22 22 22 
0211+  5C36 C9 
0212+  5C37 22 22 22 22             DEFB $22,$22,$22,$22,$22,$22,$22,$22,$22,$22,$22,$22,$22,$22,$22,$22,$22,$22,$22,$22,$22,$22,$22,$22,$22,$22,$22,$22,$22,$22,$22,$22,$c9
0212+  5C3B 22 22 22 22 
0212+  5C3F 22 22 22 22 
0212+  5C43 22 22 22 22 
0212+  5C47 22 22 22 22 
0212+  5C4B 22 22 22 22 
0212+  5C4F 22 22 22 22 
0212+  5C53 22 22 22 22 
0212+  5C57 C9 
0213+  5C58 22 22 22 22             DEFB $22,$22,$22,$22,$22,$22,$22,$22,$22,$22,$22,$22,$22,$22,$22,$22,$22,$22,$22,$22,$22,$22,$22,$22,$22,$22,$22,$22,$22,$22,$22,$22,$c9
0213+  5C5C 22 22 22 22 
0213+  5C60 22 22 22 22 
0213+  5C64 22 22 22 22 
0213+  5C68 22 22 22 22 
0213+  5C6C 22 22 22 22 
0213+  5C70 22 22 22 22 
0213+  5C74 22 22 22 22 
0213+  5C78 C9 
0214+  5C79 22 22 22 22             DEFB $22,$22,$22,$22,$22,$22,$22,$22,$22,$22,$22,$22,$22,$22,$22,$22,$22,$22,$22,$22,$22,$22,$22,$22,$22,$22,$22,$22,$22,$22,$22,$22,$c9
0214+  5C7D 22 22 22 22 
0214+  5C81 22 22 22 22 
0214+  5C85 22 22 22 22 
0214+  5C89 22 22 22 22 
0214+  5C8D 22 22 22 22 
0214+  5C91 22 22 22 22 
0214+  5C95 22 22 22 22 
0214+  5C99 C9 
0215+  5C9A 22 22 22 22             DEFB $22,$22,$22,$22,$22,$22,$22,$22,$22,$22,$22,$22,$22,$22,$22,$22,$22,$22,$22,$22,$22,$22,$22,$22,$22,$22,$22,$22,$22,$22,$22,$22,$c9
0215+  5C9E 22 22 22 22 
0215+  5CA2 22 22 22 22 
0215+  5CA6 22 22 22 22 
0215+  5CAA 22 22 22 22 
0215+  5CAE 22 22 22 22 
0215+  5CB2 22 22 22 22 
0215+  5CB6 22 22 22 22 
0215+  5CBA C9 
0216+  5CBB 22 22 22 22             DEFB $22,$22,$22,$22,$22,$22,$22,$22,$22,$22,$22,$22,$22,$22,$22,$22,$22,$22,$22,$22,$22,$22,$22,$22,$22,$22,$22,$22,$22,$22,$22,$22,$c9
0216+  5CBF 22 22 22 22 
0216+  5CC3 22 22 22 22 
0216+  5CC7 22 22 22 22 
0216+  5CCB 22 22 22 22 
0216+  5CCF 22 22 22 22 
0216+  5CD3 22 22 22 22 
0216+  5CD7 22 22 22 22 
0216+  5CDB C9 
0217+  5CDC 22 22 22 22             DEFB $22,$22,$22,$22,$22,$22,$22,$22,$22,$22,$22,$22,$22,$22,$22,$22,$22,$22,$22,$22,$22,$22,$22,$22,$22,$22,$22,$22,$22,$22,$22,$22,$c9
0217+  5CE0 22 22 22 22 
0217+  5CE4 22 22 22 22 
0217+  5CE8 22 22 22 22 
0217+  5CEC 22 22 22 22 
0217+  5CF0 22 22 22 22 
0217+  5CF4 22 22 22 22 
0217+  5CF8 22 22 22 22 
0217+  5CFC C9 
0218+  5CFD 22 22 22 22             DEFB $22,$22,$22,$22,$22,$22,$22,$22,$22,$22,$22,$22,$22,$22,$22,$22,$22,$22,$22,$22,$22,$22,$22,$22,$22,$22,$22,$22,$22,$22,$22,$22,$c9
0218+  5D01 22 22 22 22 
0218+  5D05 22 22 22 22 
0218+  5D09 22 22 22 22 
0218+  5D0D 22 22 22 22 
0218+  5D11 22 22 22 22 
0218+  5D15 22 22 22 22 
0218+  5D19 22 22 22 22 
0218+  5D1D C9 
0219+  5D1E 22 22 22 22             DEFB $22,$22,$22,$22,$22,$22,$22,$22,$22,$22,$22,$22,$22,$22,$22,$22,$22,$22,$22,$22,$22,$22,$22,$22,$22,$22,$22,$22,$22,$22,$22,$22,$c9
0219+  5D22 22 22 22 22 
0219+  5D26 22 22 22 22 
0219+  5D2A 22 22 22 22 
0219+  5D2E 22 22 22 22 
0219+  5D32 22 22 22 22 
0219+  5D36 22 22 22 22 
0219+  5D3A 22 22 22 22 
0219+  5D3E C9 
0220+  5D3F 22 22 22 22             DEFB $22,$22,$22,$22,$22,$22,$22,$22,$22,$22,$22,$22,$22,$22,$22,$22,$22,$22,$22,$22,$22,$22,$22,$22,$22,$22,$22,$22,$22,$22,$22,$22,$c9
0220+  5D43 22 22 22 22 
0220+  5D47 22 22 22 22 
0220+  5D4B 22 22 22 22 
0220+  5D4F 22 22 22 22 
0220+  5D53 22 22 22 22 
0220+  5D57 22 22 22 22 
0220+  5D5B 22 22 22 22 
0220+  5D5F C9 
0221+  5D60 22 22 22 22             DEFB $22,$22,$22,$22,$22,$22,$22,$22,$22,$22,$22,$22,$22,$22,$22,$22,$22,$22,$22,$22,$22,$22,$22,$22,$22,$22,$22,$22,$22,$22,$22,$22,$c9
0221+  5D64 22 22 22 22 
0221+  5D68 22 22 22 22 
0221+  5D6C 22 22 22 22 
0221+  5D70 22 22 22 22 
0221+  5D74 22 22 22 22 
0221+  5D78 22 22 22 22 
0221+  5D7C 22 22 22 22 
0221+  5D80 C9 
0247   5D81             									
0248   5D81             
0249   5D81             ;close out the basic program
0250   5D81             #include "endbasic.asm"
0001+  5D81             ; close out the BASIC program structure
0002+  5D81             ; BASIC Variables area
0003+  5D81             Variables:      
0004+  5D81 80          VariablesEnd:   DEFB $80
0005+  5D82             BasicEnd:                              
0006+  5D82             
0007+  5D82             
0008+  5D82             #END
0251   5D82             
0252   5D82             #END
tasm: Number of errors = 0
